TpTrace Verbose: 0 : 9512, 1, 2021/11/15, 13:05:12.411, 9224386164585, datacollector.dll, Version: 17.0.0
TpTrace Information: 0 : 9512, 1, 2021/11/15, 13:05:12.421, 9224386229504, datacollector.dll, DataCollectorMain.Run: Starting data collector run with args: --port,62603,--parentprocessid,16720,--diag,C:\Users\Ehlimana\Desktop\ZivotinjskaFarma\Zadatak 2\bin\Debug\net5.0\fine-code-coverage\coverage-tool-output\diagnostics.datacollector.21-11-15_13-05-12_26483_5.log,--tracelevel,4
TpTrace Information: 0 : 9512, 1, 2021/11/15, 13:05:12.422, 9224386231472, datacollector.dll, DataCollector: Monitoring parent process with id: '16720'
TpTrace Information: 0 : 9512, 1, 2021/11/15, 13:05:12.432, 9224386330089, datacollector.dll, Trying to connect to server on socket : 127.0.0.1:62603 
TpTrace Verbose: 0 : 9512, 1, 2021/11/15, 13:05:12.442, 9224386431590, datacollector.dll, SocketCommunicationManager : SetupClientAsync : Attempting to connect to the server.
TpTrace Information: 0 : 9512, 8, 2021/11/15, 13:05:12.456, 9224386577823, datacollector.dll, Connected to the server successfully 
TpTrace Information: 0 : 9512, 8, 2021/11/15, 13:05:12.456, 9224386579278, datacollector.dll, Using the buffer size of 16384 bytes
TpTrace Information: 0 : 9512, 1, 2021/11/15, 13:05:12.566, 9224387671022, datacollector.dll, DataCollector: Start Request Processing.
TpTrace Information: 0 : 9512, 1, 2021/11/15, 13:05:12.571, 9224387722986, datacollector.dll, DataCollectionRequestHandler.ProcessRequests : Datacollector received message: (DataCollection.BeforeTestRunStart) -> {
  "SettingsXml": "<RunSettings><RunConfiguration><ResultsDirectory>C:\\Users\\Ehlimana\\Desktop\\ZivotinjskaFarma\\Zadatak 2\\bin\\Debug\\net5.0\\fine-code-coverage\\coverage-tool-output</ResultsDirectory><TargetPlatform>X64</TargetPlatform><TargetFrameworkVersion>.NETCoreApp,Version=v5.0</TargetFrameworkVersion><DesignMode>False</DesignMode><CollectSourceInformation>False</CollectSourceInformation><TestAdaptersPaths>C:\\Program Files\\dotnet\\sdk\\6.0.100\\Extensions</TestAdaptersPaths></RunConfiguration><LoggerRunSettings><Loggers><Logger friendlyName=\"blame\" enabled=\"True\" /><Logger friendlyName=\"Console\" uri=\"logger://microsoft/TestPlatform/ConsoleLogger/v1\" assemblyQualifiedName=\"Microsoft.VisualStudio.TestPlatform.CommandLine.Internal.ConsoleLogger, vstest.console, Version=15.0.0.0, Culture=neutral, PublicKeyToken=b03f5f7f11d50a3a\" codeBase=\"C:\\Program Files\\dotnet\\sdk\\6.0.100\\vstest.console.dll\" enabled=\"True\" /></Loggers></LoggerRunSettings><DataCollectionRunSettings><DataCollectors><DataCollector friendlyName=\"blame\" enabled=\"True\"><Configuration><ResultsDirectory>C:\\Users\\Ehlimana\\Desktop\\ZivotinjskaFarma\\Zadatak 2\\bin\\Debug\\net5.0\\fine-code-coverage\\coverage-tool-output</ResultsDirectory></Configuration></DataCollector></DataCollectors></DataCollectionRunSettings></RunSettings>",
  "Sources": [
    "C:\\Users\\Ehlimana\\Desktop\\ZivotinjskaFarma\\Zadatak 2\\bin\\Debug\\net5.0\\fine-code-coverage\\build-output\\Zadatak 2.dll"
  ],
  "IsTelemetryOptedIn": false
}
TpTrace Verbose: 0 : 9512, 1, 2021/11/15, 13:05:12.628, 9224388289654, datacollector.dll, TestPluginCache: Update extensions started. Skip filter = False
TpTrace Verbose: 0 : 9512, 1, 2021/11/15, 13:05:12.629, 9224388301291, datacollector.dll, TestPluginCache: Using directories for assembly resolution 'C:\Program Files\dotnet\sdk\6.0.100\Extensions'.
TpTrace Verbose: 0 : 9512, 1, 2021/11/15, 13:05:12.629, 9224388303290, datacollector.dll, TestPluginCache: Updated the available extensions to 'C:\Program Files\dotnet\sdk\6.0.100\Extensions\Microsoft.TestPlatform.Extensions.BlameDataCollector.dll,C:\Program Files\dotnet\sdk\6.0.100\Extensions\Microsoft.TestPlatform.Extensions.EventLogCollector.dll'.
TpTrace Verbose: 0 : 9512, 1, 2021/11/15, 13:05:12.642, 9224388435337, datacollector.dll, TestPluginCache.DiscoverTestExtensions: finding test extensions in assemblies ends with: Collector.dll TPluginInfo: Microsoft.VisualStudio.TestPlatform.Common.DataCollector.DataCollectorConfig TExtension: Microsoft.VisualStudio.TestPlatform.ObjectModel.DataCollection.DataCollector
TpTrace Verbose: 0 : 9512, 1, 2021/11/15, 13:05:12.642, 9224388438875, datacollector.dll, TestPluginCache.GetExtensionPaths: Filtered extension paths: C:\Program Files\dotnet\sdk\6.0.100\Extensions\Microsoft.TestPlatform.Extensions.BlameDataCollector.dll
C:\Program Files\dotnet\sdk\6.0.100\Extensions\Microsoft.TestPlatform.Extensions.EventLogCollector.dll
TpTrace Verbose: 0 : 9512, 1, 2021/11/15, 13:05:12.643, 9224388439850, datacollector.dll, TestPluginCache.GetExtensionPaths: Added default extension paths: 
TpTrace Verbose: 0 : 9512, 1, 2021/11/15, 13:05:12.643, 9224388440379, datacollector.dll, TestPluginCache.GetExtensionPaths: Added unfilterableExtensionPaths: 
TpTrace Information: 0 : 9512, 1, 2021/11/15, 13:05:12.643, 9224388448723, datacollector.dll, AssemblyResolver.ctor: Creating AssemblyResolver with searchDirectories C:\Program Files\dotnet\sdk\6.0.100\Extensions,C:\Program Files\dotnet\sdk\6.0.100
TpTrace Verbose: 0 : 9512, 1, 2021/11/15, 13:05:12.645, 9224388466129, datacollector.dll, TestPluginCache.DiscoverTestExtensions: Discovering the extensions using extension path.
TpTrace Verbose: 0 : 9512, 1, 2021/11/15, 13:05:12.645, 9224388469382, datacollector.dll, TestPluginCache.GetExtensionPaths: Filtered extension paths: C:\Program Files\dotnet\sdk\6.0.100\Extensions\Microsoft.TestPlatform.Extensions.BlameDataCollector.dll
C:\Program Files\dotnet\sdk\6.0.100\Extensions\Microsoft.TestPlatform.Extensions.EventLogCollector.dll
TpTrace Verbose: 0 : 9512, 1, 2021/11/15, 13:05:12.646, 9224388470164, datacollector.dll, TestPluginCache.GetExtensionPaths: Added default extension paths: 
TpTrace Verbose: 0 : 9512, 1, 2021/11/15, 13:05:12.646, 9224388470708, datacollector.dll, TestPluginCache.GetExtensionPaths: Added unfilterableExtensionPaths: 
TpTrace Verbose: 0 : 9512, 1, 2021/11/15, 13:05:12.646, 9224388471609, datacollector.dll, TestPluginCache.DiscoverTestExtensions: Discovering the extensions using allExtensionPaths: C:\Program Files\dotnet\sdk\6.0.100\Extensions\Microsoft.TestPlatform.Extensions.BlameDataCollector.dll
C:\Program Files\dotnet\sdk\6.0.100\Extensions\Microsoft.TestPlatform.Extensions.EventLogCollector.dll
TpTrace Information: 0 : 9512, 1, 2021/11/15, 13:05:12.646, 9224388473108, datacollector.dll, AssemblyResolver.AddSearchDirectories: Adding more searchDirectories C:\Program Files\dotnet\sdk\6.0.100\Extensions,C:\Program Files\dotnet\sdk\6.0.100
TpTrace Information: 0 : 9512, 1, 2021/11/15, 13:05:12.646, 9224388473960, datacollector.dll, AssemblyResolver.AddSearchDirectories: Adding more searchDirectories C:\Program Files\dotnet\sdk\6.0.100\Extensions,C:\Program Files\dotnet\sdk\6.0.100
TpTrace Information: 0 : 9512, 1, 2021/11/15, 13:05:12.647, 9224388480189, datacollector.dll, AssemblyResolver.OnResolve: Microsoft.TestPlatform.Extensions.BlameDataCollector: Resolving assembly.
TpTrace Information: 0 : 9512, 1, 2021/11/15, 13:05:12.647, 9224388481568, datacollector.dll, AssemblyResolver.OnResolve: Microsoft.TestPlatform.Extensions.BlameDataCollector: Searching in: 'C:\Program Files\dotnet\sdk\6.0.100\Extensions'.
TpTrace Information: 0 : 9512, 1, 2021/11/15, 13:05:12.647, 9224388487690, datacollector.dll, AssemblyResolver.OnResolve: Microsoft.TestPlatform.Extensions.BlameDataCollector: Loading assembly 'C:\Program Files\dotnet\sdk\6.0.100\Extensions\Microsoft.TestPlatform.Extensions.BlameDataCollector.dll'.
TpTrace Information: 0 : 9512, 1, 2021/11/15, 13:05:12.648, 9224388494682, datacollector.dll, AssemblyResolver.OnResolve: Resolved assembly: Microsoft.TestPlatform.Extensions.BlameDataCollector, from path: C:\Program Files\dotnet\sdk\6.0.100\Extensions\Microsoft.TestPlatform.Extensions.BlameDataCollector.dll
TpTrace Error: 0 : 9512, 1, 2021/11/15, 13:05:12.656, 9224388573672, datacollector.dll, The type "Microsoft.TestPlatform.Extensions.BlameDataCollector.BlameCollector" defined in "Microsoft.TestPlatform.Extensions.BlameDataCollector.dll" does not have ExtensionUri attribute.
TpTrace Information: 0 : 9512, 1, 2021/11/15, 13:05:12.658, 9224388591704, datacollector.dll, AssemblyResolver.OnResolve: Microsoft.TestPlatform.Extensions.EventLogCollector: Resolving assembly.
TpTrace Information: 0 : 9512, 1, 2021/11/15, 13:05:12.658, 9224388593081, datacollector.dll, AssemblyResolver.OnResolve: Microsoft.TestPlatform.Extensions.EventLogCollector: Searching in: 'C:\Program Files\dotnet\sdk\6.0.100\Extensions'.
TpTrace Information: 0 : 9512, 1, 2021/11/15, 13:05:12.658, 9224388598059, datacollector.dll, AssemblyResolver.OnResolve: Microsoft.TestPlatform.Extensions.EventLogCollector: Loading assembly 'C:\Program Files\dotnet\sdk\6.0.100\Extensions\Microsoft.TestPlatform.Extensions.EventLogCollector.dll'.
TpTrace Information: 0 : 9512, 1, 2021/11/15, 13:05:12.659, 9224388604635, datacollector.dll, AssemblyResolver.OnResolve: Resolved assembly: Microsoft.TestPlatform.Extensions.EventLogCollector, from path: C:\Program Files\dotnet\sdk\6.0.100\Extensions\Microsoft.TestPlatform.Extensions.EventLogCollector.dll
TpTrace Error: 0 : 9512, 1, 2021/11/15, 13:05:12.664, 9224388652465, datacollector.dll, The type "Microsoft.TestPlatform.Extensions.EventLogCollector.EventLogDataCollector" defined in "Microsoft.TestPlatform.Extensions.EventLogCollector.dll" does not have ExtensionUri attribute.
TpTrace Verbose: 0 : 9512, 1, 2021/11/15, 13:05:12.664, 9224388658090, datacollector.dll, TestPluginCache: Discovered the extensions using extension path 'C:\Program Files\dotnet\sdk\6.0.100\Extensions\Microsoft.TestPlatform.Extensions.BlameDataCollector.dll,C:\Program Files\dotnet\sdk\6.0.100\Extensions\Microsoft.TestPlatform.Extensions.EventLogCollector.dll'.
TpTrace Verbose: 0 : 9512, 1, 2021/11/15, 13:05:12.664, 9224388659128, datacollector.dll, TestPluginCache: Discoverers are ''.
TpTrace Verbose: 0 : 9512, 1, 2021/11/15, 13:05:12.665, 9224388659617, datacollector.dll, TestPluginCache: Executors are ''.
TpTrace Verbose: 0 : 9512, 1, 2021/11/15, 13:05:12.665, 9224388660054, datacollector.dll, TestPluginCache: Executors2 are ''.
TpTrace Verbose: 0 : 9512, 1, 2021/11/15, 13:05:12.665, 9224388660561, datacollector.dll, TestPluginCache: Setting providers are ''.
TpTrace Verbose: 0 : 9512, 1, 2021/11/15, 13:05:12.665, 9224388660989, datacollector.dll, TestPluginCache: Loggers are ''.
TpTrace Information: 0 : 9512, 1, 2021/11/15, 13:05:12.666, 9224388679012, datacollector.dll, TestPluginManager.CreateTestExtension: Attempting to load test extension: Microsoft.TestPlatform.Extensions.BlameDataCollector.BlameCollector
TpTrace Error: 0 : 9512, 1, 2021/11/15, 13:05:12.667, 9224388683859, datacollector.dll, The type "Microsoft.TestPlatform.Extensions.BlameDataCollector.BlameCollector" defined in "Microsoft.TestPlatform.Extensions.BlameDataCollector.dll" does not have ExtensionUri attribute.
TpTrace Information: 0 : 9512, 1, 2021/11/15, 13:05:12.675, 9224388765227, datacollector.dll, Listening on Endpoint : 127.0.0.1:62605
TpTrace Information: 0 : 9512, 1, 2021/11/15, 13:05:12.735, 9224389363216, datacollector.dll, DataCollectionRequestHandler.ProcessRequests : DataCollection started.
TpTrace Information: 0 : 9512, 1, 2021/11/15, 13:05:12.760, 9224389618219, datacollector.dll, DataCollectionRequestHandler.ProcessRequests : Datacollector received message: (DataCollection.TestHostLaunched) -> {
  "ProcessId": 12720
}
TpTrace Information: 0 : 9512, 5, 2021/11/15, 13:05:13.107, 9224393080605, datacollector.dll, Using the buffer size of 16384 bytes
TpTrace Information: 0 : 9512, 5, 2021/11/15, 13:05:13.107, 9224393082140, datacollector.dll, Accepted Client request and set the flag
TpTrace Information: 0 : 9512, 8, 2021/11/15, 13:05:13.670, 9224398716309, datacollector.dll, DataCollectionTestCaseEventHandler: Test case starting.
TpTrace Information: 0 : 9512, 8, 2021/11/15, 13:05:13.716, 9224399179388, datacollector.dll, Blame Collector : Test Case Start
TpTrace Information: 0 : 9512, 8, 2021/11/15, 13:05:13.717, 9224399184761, datacollector.dll, DataCollectionTestCaseEventHandler: Test case 'TestZamjenskiObjekat - cd075b4d-61b2-de77-403b-0cfb69a56f47' started.
TpTrace Information: 0 : 9512, 8, 2021/11/15, 13:05:13.815, 9224400160224, datacollector.dll, DataCollectionTestCaseEventHandler : Test case completing.
TpTrace Information: 0 : 9512, 8, 2021/11/15, 13:05:13.820, 9224400215546, datacollector.dll, Blame Collector : Test Case End
TpTrace Information: 0 : 9512, 8, 2021/11/15, 13:05:13.825, 9224400266119, datacollector.dll, DataCollectionTestCaseEventHandler: Test case 'TestZamjenskiObjekat - cd075b4d-61b2-de77-403b-0cfb69a56f47' completed
TpTrace Information: 0 : 9512, 8, 2021/11/15, 13:05:13.843, 9224400446688, datacollector.dll, DataCollectionTestCaseEventHandler: Test case starting.
TpTrace Information: 0 : 9512, 8, 2021/11/15, 13:05:13.844, 9224400456967, datacollector.dll, Blame Collector : Test Case Start
TpTrace Information: 0 : 9512, 8, 2021/11/15, 13:05:13.845, 9224400460119, datacollector.dll, DataCollectionTestCaseEventHandler: Test case 'SpecijalizacijaFarmaKrava - 16929a2c-8d4b-2006-119c-4a906382257c' started.
TpTrace Information: 0 : 9512, 8, 2021/11/15, 13:05:13.924, 9224401254805, datacollector.dll, DataCollectionTestCaseEventHandler : Test case completing.
TpTrace Information: 0 : 9512, 8, 2021/11/15, 13:05:13.924, 9224401259570, datacollector.dll, Blame Collector : Test Case End
TpTrace Information: 0 : 9512, 8, 2021/11/15, 13:05:13.925, 9224401261472, datacollector.dll, DataCollectionTestCaseEventHandler: Test case 'SpecijalizacijaFarmaKrava - 16929a2c-8d4b-2006-119c-4a906382257c' completed
TpTrace Information: 0 : 9512, 8, 2021/11/15, 13:05:13.926, 9224401270336, datacollector.dll, DataCollectionTestCaseEventHandler: Test case starting.
TpTrace Information: 0 : 9512, 8, 2021/11/15, 13:05:13.926, 9224401274910, datacollector.dll, Blame Collector : Test Case Start
TpTrace Information: 0 : 9512, 8, 2021/11/15, 13:05:13.926, 9224401277470, datacollector.dll, DataCollectionTestCaseEventHandler: Test case 'SpecijalizacijaMagarećaFarma - ba799d76-6f3c-d90f-b48a-b60eefac2083' started.
TpTrace Information: 0 : 9512, 8, 2021/11/15, 13:05:13.931, 9224401325246, datacollector.dll, DataCollectionTestCaseEventHandler : Test case completing.
TpTrace Information: 0 : 9512, 8, 2021/11/15, 13:05:13.932, 9224401337459, datacollector.dll, Blame Collector : Test Case End
TpTrace Information: 0 : 9512, 8, 2021/11/15, 13:05:13.933, 9224401341814, datacollector.dll, DataCollectionTestCaseEventHandler: Test case 'SpecijalizacijaMagarećaFarma - ba799d76-6f3c-d90f-b48a-b60eefac2083' completed
TpTrace Information: 0 : 9512, 8, 2021/11/15, 13:05:13.934, 9224401357146, datacollector.dll, DataCollectionTestCaseEventHandler: Test case starting.
TpTrace Information: 0 : 9512, 8, 2021/11/15, 13:05:13.935, 9224401366247, datacollector.dll, Blame Collector : Test Case Start
TpTrace Information: 0 : 9512, 8, 2021/11/15, 13:05:13.935, 9224401369459, datacollector.dll, DataCollectionTestCaseEventHandler: Test case 'SpecijalizacijaFarmaNepodrzanaVrsta - 50548227-54e4-2abb-66f8-55c9dd352654' started.
TpTrace Information: 0 : 9512, 8, 2021/11/15, 13:05:13.943, 9224401446380, datacollector.dll, DataCollectionTestCaseEventHandler : Test case completing.
TpTrace Information: 0 : 9512, 8, 2021/11/15, 13:05:13.944, 9224401451258, datacollector.dll, Blame Collector : Test Case End
TpTrace Information: 0 : 9512, 8, 2021/11/15, 13:05:13.944, 9224401453707, datacollector.dll, DataCollectionTestCaseEventHandler: Test case 'SpecijalizacijaFarmaNepodrzanaVrsta - 50548227-54e4-2abb-66f8-55c9dd352654' completed
TpTrace Information: 0 : 9512, 8, 2021/11/15, 13:05:13.945, 9224401462772, datacollector.dll, DataCollectionTestCaseEventHandler: Test case starting.
TpTrace Information: 0 : 9512, 8, 2021/11/15, 13:05:13.945, 9224401467338, datacollector.dll, Blame Collector : Test Case Start
TpTrace Information: 0 : 9512, 8, 2021/11/15, 13:05:13.945, 9224401468864, datacollector.dll, DataCollectionTestCaseEventHandler: Test case 'SpecijalizacijaFarmaPreviseGrla - b67cfbe4-e03a-b4dd-e837-5a1959fb7aec' started.
TpTrace Information: 0 : 9512, 8, 2021/11/15, 13:05:13.948, 9224401495397, datacollector.dll, DataCollectionTestCaseEventHandler : Test case completing.
TpTrace Information: 0 : 9512, 8, 2021/11/15, 13:05:13.949, 9224401504203, datacollector.dll, Blame Collector : Test Case End
TpTrace Information: 0 : 9512, 8, 2021/11/15, 13:05:13.949, 9224401507791, datacollector.dll, DataCollectionTestCaseEventHandler: Test case 'SpecijalizacijaFarmaPreviseGrla - b67cfbe4-e03a-b4dd-e837-5a1959fb7aec' completed
TpTrace Information: 0 : 9512, 8, 2021/11/15, 13:05:13.955, 9224401569449, datacollector.dll, DataCollectionTestCaseEventHandler: Test session ended
TpTrace Information: 0 : 9512, 1, 2021/11/15, 13:05:14.157, 9224403581431, datacollector.dll, DataCollectionRequestHandler.ProcessRequests : Datacollector received message: (DataCollection.AfterTestRunEnd) -> false
TpTrace Information: 0 : 9512, 1, 2021/11/15, 13:05:14.157, 9224403587889, datacollector.dll, Blame Collector : Session End
TpTrace Information: 0 : 9512, 1, 2021/11/15, 13:05:14.157, 9224403588797, datacollector.dll, BlameCollector.CollectDumpAndAbortTesthost: Custom path to dump directory was provided via VSTEST_DUMP_PATH. Skipping attachment upload, the caller is responsible for collecting and uploading the dumps themselves.
TpTrace Information: 0 : 9512, 1, 2021/11/15, 13:05:14.158, 9224403589895, datacollector.dll, DataCollectionManager.CleanupPlugins: CleanupPlugins called
TpTrace Verbose: 0 : 9512, 1, 2021/11/15, 13:05:14.158, 9224403590326, datacollector.dll, DataCollectionManager.CleanupPlugins: Cleaning up 1 plugins
TpTrace Verbose: 0 : 9512, 1, 2021/11/15, 13:05:14.158, 9224403591438, datacollector.dll, dataCollectorInfo.DisposeDataCollector: calling Dispose() on Microsoft.TestPlatform.Extensions.BlameDataCollector.BlameCollector
TpTrace Information: 0 : 9512, 1, 2021/11/15, 13:05:14.158, 9224403592116, datacollector.dll, DataCollectionManager.CleanupPlugins: CleanupPlugins finished
TpTrace Information: 0 : 9512, 1, 2021/11/15, 13:05:14.161, 9224403626106, datacollector.dll, DataCollectionRequestHandler.ProcessRequests : Session End message received from server. Closing the connection.
TpTrace Information: 0 : 9512, 1, 2021/11/15, 13:05:14.162, 9224403630192, datacollector.dll, Closing the connection !
TpTrace Information: 0 : 9512, 1, 2021/11/15, 13:05:14.162, 9224403631085, datacollector.dll, DataCollectionRequestHandler.ProcessRequests : DataCollection completed
TpTrace Information: 0 : 9512, 1, 2021/11/15, 13:05:14.162, 9224403631707, datacollector.dll, Program.Main: exiting datacollector process.
