TpTrace Verbose: 0 : 15076, 1, 2021/08/21, 16:36:10.200, 158626193456, datacollector.dll, Version: 17.0.0-preview-20210715-01
TpTrace Information: 0 : 15076, 1, 2021/08/21, 16:36:10.213, 158626261814, datacollector.dll, DataCollectorMain.Run: Starting data collector run with args: --port,59533,--parentprocessid,12068,--diag,C:\Users\Ehlimana\source\repos\SistemZaGrijanje\SistemZaGrijanje\bin\Debug\net5.0\fine-code-coverage\coverage-tool-output\diagnostics.datacollector.21-08-21_16-36-10_06096_5.log,--tracelevel,4
TpTrace Information: 0 : 15076, 1, 2021/08/21, 16:36:10.658, 158630709610, datacollector.dll, DataCollector: Monitoring parent process with id: '12068'
TpTrace Information: 0 : 15076, 1, 2021/08/21, 16:36:10.676, 158630891656, datacollector.dll, Trying to connect to server on socket : 127.0.0.1:59533 
TpTrace Verbose: 0 : 15076, 1, 2021/08/21, 16:36:10.690, 158631026362, datacollector.dll, SocketCommunicationManager : SetupClientAsync : Attempting to connect to the server.
TpTrace Information: 0 : 15076, 8, 2021/08/21, 16:36:10.704, 158631165409, datacollector.dll, Connected to the server successfully 
TpTrace Information: 0 : 15076, 8, 2021/08/21, 16:36:10.704, 158631167024, datacollector.dll, Using the buffer size of 16384 bytes
TpTrace Information: 0 : 15076, 1, 2021/08/21, 16:36:10.812, 158632249819, datacollector.dll, DataCollector: Start Request Processing.
TpTrace Information: 0 : 15076, 1, 2021/08/21, 16:36:10.817, 158632297502, datacollector.dll, DataCollectionRequestHandler.ProcessRequests : Datacollector received message: (DataCollection.BeforeTestRunStart) -> {
  "SettingsXml": "<RunSettings><RunConfiguration><ResultsDirectory>C:\\Users\\Ehlimana\\source\\repos\\SistemZaGrijanje\\SistemZaGrijanje\\bin\\Debug\\net5.0\\fine-code-coverage\\coverage-tool-output</ResultsDirectory><TargetPlatform>X64</TargetPlatform><TargetFrameworkVersion>.NETCoreApp,Version=v5.0</TargetFrameworkVersion><DesignMode>False</DesignMode><CollectSourceInformation>False</CollectSourceInformation><TestAdaptersPaths>C:\\Program Files\\dotnet\\sdk\\6.0.100-preview.7.21379.14\\Extensions</TestAdaptersPaths></RunConfiguration><LoggerRunSettings><Loggers><Logger friendlyName=\"blame\" enabled=\"True\" /><Logger friendlyName=\"Console\" uri=\"logger://microsoft/TestPlatform/ConsoleLogger/v1\" assemblyQualifiedName=\"Microsoft.VisualStudio.TestPlatform.CommandLine.Internal.ConsoleLogger, vstest.console, Version=15.0.0.0, Culture=neutral, PublicKeyToken=b03f5f7f11d50a3a\" codeBase=\"C:\\Program Files\\dotnet\\sdk\\6.0.100-preview.7.21379.14\\vstest.console.dll\" enabled=\"True\" /></Loggers></LoggerRunSettings><DataCollectionRunSettings><DataCollectors><DataCollector friendlyName=\"blame\" enabled=\"True\"><Configuration><ResultsDirectory>C:\\Users\\Ehlimana\\source\\repos\\SistemZaGrijanje\\SistemZaGrijanje\\bin\\Debug\\net5.0\\fine-code-coverage\\coverage-tool-output</ResultsDirectory></Configuration></DataCollector></DataCollectors></DataCollectionRunSettings></RunSettings>",
  "Sources": [
    "C:\\Users\\Ehlimana\\source\\repos\\SistemZaGrijanje\\SistemZaGrijanje\\bin\\Debug\\net5.0\\fine-code-coverage\\build-output\\SistemZaGrijanje.dll"
  ],
  "IsTelemetryOptedIn": false
}
TpTrace Verbose: 0 : 15076, 1, 2021/08/21, 16:36:10.864, 158632765866, datacollector.dll, TestPluginCache: Update extensions started. Skip filter = False
TpTrace Verbose: 0 : 15076, 1, 2021/08/21, 16:36:10.864, 158632773545, datacollector.dll, TestPluginCache: Using directories for assembly resolution 'C:\Program Files\dotnet\sdk\6.0.100-preview.7.21379.14\Extensions'.
TpTrace Verbose: 0 : 15076, 1, 2021/08/21, 16:36:10.865, 158632774773, datacollector.dll, TestPluginCache: Updated the available extensions to 'C:\Program Files\dotnet\sdk\6.0.100-preview.7.21379.14\Extensions\Microsoft.TestPlatform.Extensions.BlameDataCollector.dll,C:\Program Files\dotnet\sdk\6.0.100-preview.7.21379.14\Extensions\Microsoft.TestPlatform.Extensions.EventLogCollector.dll'.
TpTrace Verbose: 0 : 15076, 1, 2021/08/21, 16:36:10.875, 158632884343, datacollector.dll, TestPluginCache.DiscoverTestExtensions: finding test extensions in assemblies ends with: Collector.dll TPluginInfo: Microsoft.VisualStudio.TestPlatform.Common.DataCollector.DataCollectorConfig TExtension: Microsoft.VisualStudio.TestPlatform.ObjectModel.DataCollection.DataCollector
TpTrace Verbose: 0 : 15076, 1, 2021/08/21, 16:36:10.876, 158632887413, datacollector.dll, TestPluginCache.GetExtensionPaths: Filtered extension paths: C:\Program Files\dotnet\sdk\6.0.100-preview.7.21379.14\Extensions\Microsoft.TestPlatform.Extensions.BlameDataCollector.dll
C:\Program Files\dotnet\sdk\6.0.100-preview.7.21379.14\Extensions\Microsoft.TestPlatform.Extensions.EventLogCollector.dll
TpTrace Verbose: 0 : 15076, 1, 2021/08/21, 16:36:10.876, 158632888088, datacollector.dll, TestPluginCache.GetExtensionPaths: Added default extension paths: 
TpTrace Verbose: 0 : 15076, 1, 2021/08/21, 16:36:10.876, 158632888547, datacollector.dll, TestPluginCache.GetExtensionPaths: Added unfilterableExtensionPaths: 
TpTrace Information: 0 : 15076, 1, 2021/08/21, 16:36:10.877, 158632894588, datacollector.dll, AssemblyResolver.ctor: Creating AssemblyResolver with searchDirectories C:\Program Files\dotnet\sdk\6.0.100-preview.7.21379.14\Extensions,C:\Program Files\dotnet\sdk\6.0.100-preview.7.21379.14
TpTrace Verbose: 0 : 15076, 1, 2021/08/21, 16:36:10.878, 158632907819, datacollector.dll, TestPluginCache.DiscoverTestExtensions: Discovering the extensions using extension path.
TpTrace Verbose: 0 : 15076, 1, 2021/08/21, 16:36:10.878, 158632910219, datacollector.dll, TestPluginCache.GetExtensionPaths: Filtered extension paths: C:\Program Files\dotnet\sdk\6.0.100-preview.7.21379.14\Extensions\Microsoft.TestPlatform.Extensions.BlameDataCollector.dll
C:\Program Files\dotnet\sdk\6.0.100-preview.7.21379.14\Extensions\Microsoft.TestPlatform.Extensions.EventLogCollector.dll
TpTrace Verbose: 0 : 15076, 1, 2021/08/21, 16:36:10.878, 158632910850, datacollector.dll, TestPluginCache.GetExtensionPaths: Added default extension paths: 
TpTrace Verbose: 0 : 15076, 1, 2021/08/21, 16:36:10.878, 158632911294, datacollector.dll, TestPluginCache.GetExtensionPaths: Added unfilterableExtensionPaths: 
TpTrace Verbose: 0 : 15076, 1, 2021/08/21, 16:36:10.878, 158632912191, datacollector.dll, TestPluginCache.DiscoverTestExtensions: Discovering the extensions using allExtensionPaths: C:\Program Files\dotnet\sdk\6.0.100-preview.7.21379.14\Extensions\Microsoft.TestPlatform.Extensions.BlameDataCollector.dll
C:\Program Files\dotnet\sdk\6.0.100-preview.7.21379.14\Extensions\Microsoft.TestPlatform.Extensions.EventLogCollector.dll
TpTrace Information: 0 : 15076, 1, 2021/08/21, 16:36:10.878, 158632913486, datacollector.dll, AssemblyResolver.AddSearchDirectories: Adding more searchDirectories C:\Program Files\dotnet\sdk\6.0.100-preview.7.21379.14\Extensions,C:\Program Files\dotnet\sdk\6.0.100-preview.7.21379.14
TpTrace Information: 0 : 15076, 1, 2021/08/21, 16:36:10.878, 158632914185, datacollector.dll, AssemblyResolver.AddSearchDirectories: Adding more searchDirectories C:\Program Files\dotnet\sdk\6.0.100-preview.7.21379.14\Extensions,C:\Program Files\dotnet\sdk\6.0.100-preview.7.21379.14
TpTrace Information: 0 : 15076, 1, 2021/08/21, 16:36:10.879, 158632918301, datacollector.dll, AssemblyResolver.OnResolve: Microsoft.TestPlatform.Extensions.BlameDataCollector: Resolving assembly.
TpTrace Information: 0 : 15076, 1, 2021/08/21, 16:36:10.879, 158632919137, datacollector.dll, AssemblyResolver.OnResolve: Microsoft.TestPlatform.Extensions.BlameDataCollector: Searching in: 'C:\Program Files\dotnet\sdk\6.0.100-preview.7.21379.14\Extensions'.
TpTrace Information: 0 : 15076, 1, 2021/08/21, 16:36:10.879, 158632923904, datacollector.dll, AssemblyResolver.OnResolve: Microsoft.TestPlatform.Extensions.BlameDataCollector: Loading assembly 'C:\Program Files\dotnet\sdk\6.0.100-preview.7.21379.14\Extensions\Microsoft.TestPlatform.Extensions.BlameDataCollector.dll'.
TpTrace Information: 0 : 15076, 1, 2021/08/21, 16:36:10.880, 158632929201, datacollector.dll, AssemblyResolver.OnResolve: Resolved assembly: Microsoft.TestPlatform.Extensions.BlameDataCollector, from path: C:\Program Files\dotnet\sdk\6.0.100-preview.7.21379.14\Extensions\Microsoft.TestPlatform.Extensions.BlameDataCollector.dll
TpTrace Error: 0 : 15076, 1, 2021/08/21, 16:36:10.887, 158632998050, datacollector.dll, The type "Microsoft.TestPlatform.Extensions.BlameDataCollector.BlameCollector" defined in "Microsoft.TestPlatform.Extensions.BlameDataCollector.dll" does not have ExtensionUri attribute.
TpTrace Information: 0 : 15076, 1, 2021/08/21, 16:36:10.888, 158633011541, datacollector.dll, AssemblyResolver.OnResolve: Microsoft.TestPlatform.Extensions.EventLogCollector: Resolving assembly.
TpTrace Information: 0 : 15076, 1, 2021/08/21, 16:36:10.888, 158633012924, datacollector.dll, AssemblyResolver.OnResolve: Microsoft.TestPlatform.Extensions.EventLogCollector: Searching in: 'C:\Program Files\dotnet\sdk\6.0.100-preview.7.21379.14\Extensions'.
TpTrace Information: 0 : 15076, 1, 2021/08/21, 16:36:10.889, 158633016278, datacollector.dll, AssemblyResolver.OnResolve: Microsoft.TestPlatform.Extensions.EventLogCollector: Loading assembly 'C:\Program Files\dotnet\sdk\6.0.100-preview.7.21379.14\Extensions\Microsoft.TestPlatform.Extensions.EventLogCollector.dll'.
TpTrace Information: 0 : 15076, 1, 2021/08/21, 16:36:10.889, 158633020902, datacollector.dll, AssemblyResolver.OnResolve: Resolved assembly: Microsoft.TestPlatform.Extensions.EventLogCollector, from path: C:\Program Files\dotnet\sdk\6.0.100-preview.7.21379.14\Extensions\Microsoft.TestPlatform.Extensions.EventLogCollector.dll
TpTrace Error: 0 : 15076, 1, 2021/08/21, 16:36:10.891, 158633036234, datacollector.dll, The type "Microsoft.TestPlatform.Extensions.EventLogCollector.EventLogDataCollector" defined in "Microsoft.TestPlatform.Extensions.EventLogCollector.dll" does not have ExtensionUri attribute.
TpTrace Verbose: 0 : 15076, 1, 2021/08/21, 16:36:10.891, 158633040276, datacollector.dll, TestPluginCache: Discovered the extensions using extension path 'C:\Program Files\dotnet\sdk\6.0.100-preview.7.21379.14\Extensions\Microsoft.TestPlatform.Extensions.BlameDataCollector.dll,C:\Program Files\dotnet\sdk\6.0.100-preview.7.21379.14\Extensions\Microsoft.TestPlatform.Extensions.EventLogCollector.dll'.
TpTrace Verbose: 0 : 15076, 1, 2021/08/21, 16:36:10.891, 158633040983, datacollector.dll, TestPluginCache: Discoverers are ''.
TpTrace Verbose: 0 : 15076, 1, 2021/08/21, 16:36:10.891, 158633041417, datacollector.dll, TestPluginCache: Executors are ''.
TpTrace Verbose: 0 : 15076, 1, 2021/08/21, 16:36:10.891, 158633041917, datacollector.dll, TestPluginCache: Executors2 are ''.
TpTrace Verbose: 0 : 15076, 1, 2021/08/21, 16:36:10.891, 158633042307, datacollector.dll, TestPluginCache: Setting providers are ''.
TpTrace Verbose: 0 : 15076, 1, 2021/08/21, 16:36:10.891, 158633042698, datacollector.dll, TestPluginCache: Loggers are ''.
TpTrace Information: 0 : 15076, 1, 2021/08/21, 16:36:10.892, 158633054364, datacollector.dll, TestPluginManager.CreateTestExtension: Attempting to load test extension: Microsoft.TestPlatform.Extensions.BlameDataCollector.BlameCollector
TpTrace Error: 0 : 15076, 1, 2021/08/21, 16:36:10.893, 158633057186, datacollector.dll, The type "Microsoft.TestPlatform.Extensions.BlameDataCollector.BlameCollector" defined in "Microsoft.TestPlatform.Extensions.BlameDataCollector.dll" does not have ExtensionUri attribute.
TpTrace Information: 0 : 15076, 1, 2021/08/21, 16:36:10.898, 158633106358, datacollector.dll, Listening on Endpoint : 127.0.0.1:59535
TpTrace Information: 0 : 15076, 1, 2021/08/21, 16:36:10.912, 158633247496, datacollector.dll, DataCollectionRequestHandler.ProcessRequests : DataCollection started.
TpTrace Information: 0 : 15076, 1, 2021/08/21, 16:36:10.936, 158633484867, datacollector.dll, DataCollectionRequestHandler.ProcessRequests : Datacollector received message: (DataCollection.TestHostLaunched) -> {
  "ProcessId": 232
}
TpTrace Information: 0 : 15076, 7, 2021/08/21, 16:36:11.210, 158636228730, datacollector.dll, Using the buffer size of 16384 bytes
TpTrace Information: 0 : 15076, 7, 2021/08/21, 16:36:11.210, 158636230059, datacollector.dll, Accepted Client request and set the flag
TpTrace Information: 0 : 15076, 8, 2021/08/21, 16:36:12.016, 158644292538, datacollector.dll, DataCollectionTestCaseEventHandler: Test case starting.
TpTrace Information: 0 : 15076, 8, 2021/08/21, 16:36:12.057, 158644695401, datacollector.dll, Blame Collector : Test Case Start
TpTrace Information: 0 : 15076, 8, 2021/08/21, 16:36:12.057, 158644698981, datacollector.dll, DataCollectionTestCaseEventHandler: Test case 'TestDeaktivacijeGrijanja - dc4a424f-90e5-0644-39fd-b5fa7da31657' started.
TpTrace Information: 0 : 15076, 8, 2021/08/21, 16:36:12.107, 158645198123, datacollector.dll, DataCollectionTestCaseEventHandler : Test case completing.
TpTrace Information: 0 : 15076, 8, 2021/08/21, 16:36:12.110, 158645234188, datacollector.dll, Blame Collector : Test Case End
TpTrace Information: 0 : 15076, 8, 2021/08/21, 16:36:12.113, 158645262312, datacollector.dll, DataCollectionTestCaseEventHandler: Test case 'TestDeaktivacijeGrijanja - dc4a424f-90e5-0644-39fd-b5fa7da31657' completed
TpTrace Information: 0 : 15076, 8, 2021/08/21, 16:36:12.125, 158645376167, datacollector.dll, DataCollectionTestCaseEventHandler: Test case starting.
TpTrace Information: 0 : 15076, 8, 2021/08/21, 16:36:12.125, 158645380403, datacollector.dll, Blame Collector : Test Case Start
TpTrace Information: 0 : 15076, 8, 2021/08/21, 16:36:12.125, 158645382039, datacollector.dll, DataCollectionTestCaseEventHandler: Test case 'TestKontroleGrijanja1 - a64abefc-60b8-e894-398a-626dc5bb4396' started.
TpTrace Information: 0 : 15076, 8, 2021/08/21, 16:36:12.128, 158645410601, datacollector.dll, DataCollectionTestCaseEventHandler : Test case completing.
TpTrace Information: 0 : 15076, 8, 2021/08/21, 16:36:12.129, 158645414893, datacollector.dll, Blame Collector : Test Case End
TpTrace Information: 0 : 15076, 8, 2021/08/21, 16:36:12.129, 158645416695, datacollector.dll, DataCollectionTestCaseEventHandler: Test case 'TestKontroleGrijanja1 - a64abefc-60b8-e894-398a-626dc5bb4396' completed
TpTrace Information: 0 : 15076, 8, 2021/08/21, 16:36:12.130, 158645427064, datacollector.dll, DataCollectionTestCaseEventHandler: Test case starting.
TpTrace Information: 0 : 15076, 8, 2021/08/21, 16:36:12.133, 158645456382, datacollector.dll, Blame Collector : Test Case Start
TpTrace Information: 0 : 15076, 8, 2021/08/21, 16:36:12.133, 158645458665, datacollector.dll, DataCollectionTestCaseEventHandler: Test case 'TestKontroleGrijanja2 - e32458ec-7288-060b-4d60-eec17ad979cc' started.
TpTrace Information: 0 : 15076, 8, 2021/08/21, 16:36:12.135, 158645478445, datacollector.dll, DataCollectionTestCaseEventHandler : Test case completing.
TpTrace Information: 0 : 15076, 8, 2021/08/21, 16:36:12.135, 158645482567, datacollector.dll, Blame Collector : Test Case End
TpTrace Information: 0 : 15076, 8, 2021/08/21, 16:36:12.135, 158645484242, datacollector.dll, DataCollectionTestCaseEventHandler: Test case 'TestKontroleGrijanja2 - e32458ec-7288-060b-4d60-eec17ad979cc' completed
TpTrace Information: 0 : 15076, 8, 2021/08/21, 16:36:12.137, 158645494721, datacollector.dll, DataCollectionTestCaseEventHandler: Test case starting.
TpTrace Information: 0 : 15076, 8, 2021/08/21, 16:36:12.137, 158645503021, datacollector.dll, Blame Collector : Test Case Start
TpTrace Information: 0 : 15076, 8, 2021/08/21, 16:36:12.138, 158645505749, datacollector.dll, DataCollectionTestCaseEventHandler: Test case 'TestUsrednjavanjaJačineGrijanja - f42aee8d-907f-a842-35c5-ed0e5bb37640' started.
TpTrace Information: 0 : 15076, 8, 2021/08/21, 16:36:12.141, 158645536483, datacollector.dll, DataCollectionTestCaseEventHandler : Test case completing.
TpTrace Information: 0 : 15076, 8, 2021/08/21, 16:36:12.141, 158645540398, datacollector.dll, Blame Collector : Test Case End
TpTrace Information: 0 : 15076, 8, 2021/08/21, 16:36:12.141, 158645541915, datacollector.dll, DataCollectionTestCaseEventHandler: Test case 'TestUsrednjavanjaJačineGrijanja - f42aee8d-907f-a842-35c5-ed0e5bb37640' completed
TpTrace Information: 0 : 15076, 8, 2021/08/21, 16:36:12.143, 158645555688, datacollector.dll, DataCollectionTestCaseEventHandler: Test case starting.
TpTrace Information: 0 : 15076, 8, 2021/08/21, 16:36:12.143, 158645562036, datacollector.dll, Blame Collector : Test Case Start
TpTrace Information: 0 : 15076, 8, 2021/08/21, 16:36:12.143, 158645563955, datacollector.dll, DataCollectionTestCaseEventHandler: Test case 'TestDefrostTehnologijeOK - caed8cec-1544-981b-61e5-0f3b342f72f6' started.
TpTrace Information: 0 : 15076, 8, 2021/08/21, 16:36:12.145, 158645580580, datacollector.dll, DataCollectionTestCaseEventHandler : Test case completing.
TpTrace Information: 0 : 15076, 8, 2021/08/21, 16:36:12.146, 158645584912, datacollector.dll, Blame Collector : Test Case End
TpTrace Information: 0 : 15076, 8, 2021/08/21, 16:36:12.146, 158645586554, datacollector.dll, DataCollectionTestCaseEventHandler: Test case 'TestDefrostTehnologijeOK - caed8cec-1544-981b-61e5-0f3b342f72f6' completed
TpTrace Information: 0 : 15076, 8, 2021/08/21, 16:36:12.147, 158645597069, datacollector.dll, DataCollectionTestCaseEventHandler: Test case starting.
TpTrace Information: 0 : 15076, 8, 2021/08/21, 16:36:12.147, 158645601132, datacollector.dll, Blame Collector : Test Case Start
TpTrace Information: 0 : 15076, 8, 2021/08/21, 16:36:12.147, 158645602513, datacollector.dll, DataCollectionTestCaseEventHandler: Test case 'TestDefrostTehnologijeNeočekivanoPonašanje - db5243c2-8562-e1d7-e2df-40c48184b19f' started.
TpTrace Information: 0 : 15076, 8, 2021/08/21, 16:36:12.151, 158645635101, datacollector.dll, DataCollectionTestCaseEventHandler : Test case completing.
TpTrace Information: 0 : 15076, 8, 2021/08/21, 16:36:12.151, 158645640574, datacollector.dll, Blame Collector : Test Case End
TpTrace Information: 0 : 15076, 8, 2021/08/21, 16:36:12.151, 158645642361, datacollector.dll, DataCollectionTestCaseEventHandler: Test case 'TestDefrostTehnologijeNeočekivanoPonašanje - db5243c2-8562-e1d7-e2df-40c48184b19f' completed
TpTrace Information: 0 : 15076, 8, 2021/08/21, 16:36:12.156, 158645685163, datacollector.dll, DataCollectionTestCaseEventHandler: Test session ended
TpTrace Information: 0 : 15076, 1, 2021/08/21, 16:36:12.230, 158646431436, datacollector.dll, DataCollectionRequestHandler.ProcessRequests : Datacollector received message: (DataCollection.AfterTestRunEnd) -> false
TpTrace Information: 0 : 15076, 1, 2021/08/21, 16:36:12.231, 158646440089, datacollector.dll, Blame Collector : Session End
TpTrace Information: 0 : 15076, 1, 2021/08/21, 16:36:12.231, 158646441453, datacollector.dll, BlameCollector.CollectDumpAndAbortTesthost: Custom path to dump directory was provided via VSTEST_DUMP_PATH. Skipping attachment upload, the caller is responsible for collecting and uploading the dumps themselves.
TpTrace Information: 0 : 15076, 1, 2021/08/21, 16:36:12.231, 158646443397, datacollector.dll, DataCollectionManager.CleanupPlugins: CleanupPlugins called
TpTrace Verbose: 0 : 15076, 1, 2021/08/21, 16:36:12.231, 158646444242, datacollector.dll, DataCollectionManager.CleanupPlugins: Cleaning up 1 plugins
TpTrace Verbose: 0 : 15076, 1, 2021/08/21, 16:36:12.232, 158646446372, datacollector.dll, dataCollectorInfo.DisposeDataCollector: calling Dispose() on Microsoft.TestPlatform.Extensions.BlameDataCollector.BlameCollector
TpTrace Information: 0 : 15076, 1, 2021/08/21, 16:36:12.232, 158646448089, datacollector.dll, DataCollectionManager.CleanupPlugins: CleanupPlugins finished
TpTrace Information: 0 : 15076, 1, 2021/08/21, 16:36:12.236, 158646490174, datacollector.dll, DataCollectionRequestHandler.ProcessRequests : Session End message received from server. Closing the connection.
TpTrace Information: 0 : 15076, 1, 2021/08/21, 16:36:12.236, 158646493191, datacollector.dll, Closing the connection !
TpTrace Information: 0 : 15076, 1, 2021/08/21, 16:36:12.236, 158646493784, datacollector.dll, DataCollectionRequestHandler.ProcessRequests : DataCollection completed
TpTrace Information: 0 : 15076, 1, 2021/08/21, 16:36:12.236, 158646494204, datacollector.dll, Program.Main: exiting datacollector process.
