TpTrace Verbose: 0 : 232, 1, 2021/08/21, 16:36:11.119, 158635356970, testhost.dll, Version: 16.9.4
TpTrace Information: 0 : 232, 1, 2021/08/21, 16:36:11.130, 158635434367, testhost.dll, DefaultEngineInvoker.Invoke: Testhost process started with args :[--port, 59536],[--endpoint, 127.0.0.1:059536],[--role, client],[--parentprocessid, 12068],[--diag, C:\Users\Ehlimana\source\repos\SistemZaGrijanje\SistemZaGrijanje\bin\Debug\net5.0\fine-code-coverage\coverage-tool-output\diagnostics.host.21-08-21_16-36-10_92434_5.log],[--tracelevel, 4],[--datacollectionport, 59535],[--telemetryoptedin, false]
TpTrace Information: 0 : 232, 1, 2021/08/21, 16:36:11.151, 158635640244, testhost.dll, Setting up debug trace listener.
TpTrace Verbose: 0 : 232, 1, 2021/08/21, 16:36:11.152, 158635644925, testhost.dll, TestPlatformTraceListener.Setup: Replacing listener 0 with TestHostTraceListener.
TpTrace Verbose: 0 : 232, 1, 2021/08/21, 16:36:11.152, 158635646545, testhost.dll, TestPlatformTraceListener.Setup: Added test platform trace listener.
TpTrace Information: 0 : 232, 1, 2021/08/21, 16:36:11.152, 158635653979, testhost.dll, DefaultEngineInvoker.SetParentProcessExitCallback: Monitoring parent process with id: '12068'
TpTrace Information: 0 : 232, 1, 2021/08/21, 16:36:11.164, 158635770557, testhost.dll, DefaultEngineInvoker.GetConnectionInfo: Initialize communication on endpoint address: '127.0.0.1:059536'
TpTrace Information: 0 : 232, 1, 2021/08/21, 16:36:11.187, 158636004336, testhost.dll, SocketClient.Start: connecting to server endpoint: 127.0.0.1:059536
TpTrace Information: 0 : 232, 1, 2021/08/21, 16:36:11.200, 158636131473, testhost.dll, DefaultEngineInvoker.ConnectToDatacollector: Connecting to datacollector, port: 59535
TpTrace Information: 0 : 232, 5, 2021/08/21, 16:36:11.201, 158636144337, testhost.dll, SocketClient.OnServerConnected: connected to server endpoint: 127.0.0.1:059536
TpTrace Verbose: 0 : 232, 5, 2021/08/21, 16:36:11.204, 158636164636, testhost.dll, Connected to server, and starting MessageLoopAsync
TpTrace Information: 0 : 232, 1, 2021/08/21, 16:36:11.205, 158636177614, testhost.dll, Trying to connect to server on socket : 127.0.0.1:59535 
TpTrace Verbose: 0 : 232, 1, 2021/08/21, 16:36:11.205, 158636182685, testhost.dll, SocketCommunicationManager : SetupClientAsync : Attempting to connect to the server.
TpTrace Information: 0 : 232, 1, 2021/08/21, 16:36:11.206, 158636194484, testhost.dll, Connected to the server successfully 
TpTrace Information: 0 : 232, 1, 2021/08/21, 16:36:11.207, 158636196155, testhost.dll, Using the buffer size of 16384 bytes
TpTrace Information: 0 : 232, 1, 2021/08/21, 16:36:11.208, 158636205054, testhost.dll, DefaultEngineInvoker.Invoke: Start Request Processing.
TpTrace Verbose: 0 : 232, 5, 2021/08/21, 16:36:11.208, 158636207485, testhost.dll, TcpClientExtensions.MessageLoopAsync: Polling on remoteEndPoint: [::ffff:127.0.0.1]:59536 localEndPoint: [::ffff:127.0.0.1]:59537
TpTrace Verbose: 0 : 232, 5, 2021/08/21, 16:36:11.208, 158636211535, testhost.dll, TcpClientExtensions.MessageLoopAsync: NotifyDataAvailable remoteEndPoint: [::ffff:127.0.0.1]:59536 localEndPoint: [::ffff:127.0.0.1]:59537
TpTrace Information: 0 : 232, 11, 2021/08/21, 16:36:11.210, 158636226321, testhost.dll, DefaultEngineInvoker.StartProcessingAsync: Connected to vstest.console, Starting process requests.
TpTrace Information: 0 : 232, 5, 2021/08/21, 16:36:11.358, 158637709321, testhost.dll, TestRequestHandler.ProcessRequests: received message: (ProtocolVersion) -> 5
TpTrace Verbose: 0 : 232, 5, 2021/08/21, 16:36:11.396, 158638092961, testhost.dll, TestRequestHandler.SendData:  sending data from testhost: {"Version":5,"MessageType":"TestSession.Message","Payload":{"MessageLevel":0,"Message":"Logging TestHost Diagnostics in file: C:\\Users\\Ehlimana\\source\\repos\\SistemZaGrijanje\\SistemZaGrijanje\\bin\\Debug\\net5.0\\fine-code-coverage\\coverage-tool-output\\diagnostics.host.21-08-21_16-36-10_92434_5.log"}}
TpTrace Verbose: 0 : 232, 5, 2021/08/21, 16:36:11.397, 158638095832, testhost.dll, TcpClientExtensions.MessageLoopAsync: Polling on remoteEndPoint: [::ffff:127.0.0.1]:59536 localEndPoint: [::ffff:127.0.0.1]:59537
TpTrace Verbose: 0 : 232, 5, 2021/08/21, 16:36:11.397, 158638097939, testhost.dll, TcpClientExtensions.MessageLoopAsync: NotifyDataAvailable remoteEndPoint: [::ffff:127.0.0.1]:59536 localEndPoint: [::ffff:127.0.0.1]:59537
TpTrace Information: 0 : 232, 5, 2021/08/21, 16:36:11.404, 158638166820, testhost.dll, TestRequestHandler.ProcessRequests: received message: (TestExecution.Initialize) -> [
  "C:\\Users\\Ehlimana\\source\\repos\\SistemZaGrijanje\\SistemZaGrijanje\\bin\\Debug\\net5.0\\fine-code-coverage\\build-output\\Microsoft.VisualStudio.TestPlatform.MSTest.TestAdapter.dll"
]
TpTrace Information: 0 : 232, 5, 2021/08/21, 16:36:11.404, 158638168712, testhost.dll, Execution Session Initialize.
TpTrace Verbose: 0 : 232, 5, 2021/08/21, 16:36:11.411, 158638242170, testhost.dll, TcpClientExtensions.MessageLoopAsync: Polling on remoteEndPoint: [::ffff:127.0.0.1]:59536 localEndPoint: [::ffff:127.0.0.1]:59537
TpTrace Verbose: 0 : 232, 5, 2021/08/21, 16:36:11.411, 158638243721, testhost.dll, TcpClientExtensions.MessageLoopAsync: NotifyDataAvailable remoteEndPoint: [::ffff:127.0.0.1]:59536 localEndPoint: [::ffff:127.0.0.1]:59537
TpTrace Verbose: 0 : 232, 4, 2021/08/21, 16:36:11.414, 158638271780, testhost.dll, TestExecutorService: Loading the extensions
TpTrace Information: 0 : 232, 5, 2021/08/21, 16:36:11.414, 158638273386, testhost.dll, TestRequestHandler.ProcessRequests: received message: (TestExecution.StartWithSources) -> {
  "AdapterSourceMap": {
    "_none_": [
      "C:\\Users\\Ehlimana\\source\\repos\\SistemZaGrijanje\\SistemZaGrijanje\\bin\\Debug\\net5.0\\fine-code-coverage\\build-output\\SistemZaGrijanje.dll"
    ]
  },
  "RunSettings": "<RunSettings>\r\n  <RunConfiguration>\r\n    <ResultsDirectory>C:\\Users\\Ehlimana\\source\\repos\\SistemZaGrijanje\\SistemZaGrijanje\\bin\\Debug\\net5.0\\fine-code-coverage\\coverage-tool-output</ResultsDirectory>\r\n    <TargetPlatform>X64</TargetPlatform>\r\n    <TargetFrameworkVersion>.NETCoreApp,Version=v5.0</TargetFrameworkVersion>\r\n    <DesignMode>False</DesignMode>\r\n    <CollectSourceInformation>False</CollectSourceInformation>\r\n  </RunConfiguration>\r\n  <LoggerRunSettings>\r\n    <Loggers>\r\n      <Logger friendlyName=\"blame\" enabled=\"True\" />\r\n      <Logger friendlyName=\"Console\" uri=\"logger://microsoft/TestPlatform/ConsoleLogger/v1\" assemblyQualifiedName=\"Microsoft.VisualStudio.TestPlatform.CommandLine.Internal.ConsoleLogger, vstest.console, Version=15.0.0.0, Culture=neutral, PublicKeyToken=b03f5f7f11d50a3a\" codeBase=\"C:\\Program Files\\dotnet\\sdk\\6.0.100-preview.7.21379.14\\vstest.console.dll\" enabled=\"True\" />\r\n    </Loggers>\r\n  </LoggerRunSettings>\r\n  <DataCollectionRunSettings>\r\n    <DataCollectors>\r\n      <DataCollector friendlyName=\"blame\" enabled=\"True\">\r\n        <Configuration>\r\n          <ResultsDirectory>C:\\Users\\Ehlimana\\source\\repos\\SistemZaGrijanje\\SistemZaGrijanje\\bin\\Debug\\net5.0\\fine-code-coverage\\coverage-tool-output</ResultsDirectory>\r\n        </Configuration>\r\n      </DataCollector>\r\n    </DataCollectors>\r\n  </DataCollectionRunSettings>\r\n</RunSettings>",
  "TestExecutionContext": {
    "FrequencyOfRunStatsChangeEvent": 10,
    "RunStatsChangeEventTimeout": "00:00:01.5000000",
    "InIsolation": false,
    "KeepAlive": false,
    "AreTestCaseLevelEventsRequired": false,
    "IsDebug": false,
    "TestCaseFilter": null,
    "FilterOptions": null
  },
  "Package": null
}
TpTrace Information: 0 : 232, 5, 2021/08/21, 16:36:11.415, 158638274822, testhost.dll, Execution started.
TpTrace Verbose: 0 : 232, 4, 2021/08/21, 16:36:11.417, 158638296713, testhost.dll, TestPluginCache.DiscoverTestExtensions: finding test extensions in assemblies ends with: TestAdapter.dll TPluginInfo: Microsoft.VisualStudio.TestPlatform.Common.ExtensionFramework.Utilities.TestExecutorPluginInformation TExtension: Microsoft.VisualStudio.TestPlatform.ObjectModel.Adapter.ITestExecutor
TpTrace Verbose: 0 : 232, 4, 2021/08/21, 16:36:11.418, 158638311634, testhost.dll, TestPluginCache.GetExtensionPaths: Filtered extension paths: 
TpTrace Verbose: 0 : 232, 4, 2021/08/21, 16:36:11.419, 158638316550, testhost.dll, TestPluginCache.GetExtensionPaths: Added default extension paths: C:\Users\Ehlimana\source\repos\SistemZaGrijanje\SistemZaGrijanje\bin\Debug\net5.0\fine-code-coverage\build-output\Microsoft.VisualStudio.TestPlatform.MSTest.TestAdapter.dll
TpTrace Verbose: 0 : 232, 4, 2021/08/21, 16:36:11.419, 158638317511, testhost.dll, TestPluginCache.GetExtensionPaths: Added unfilterableExtensionPaths: 
TpTrace Information: 0 : 232, 4, 2021/08/21, 16:36:11.421, 158638339563, testhost.dll, AssemblyResolver.ctor: Creating AssemblyResolver with searchDirectories C:\Users\Ehlimana\source\repos\SistemZaGrijanje\SistemZaGrijanje\bin\Debug\net5.0\fine-code-coverage\build-output
TpTrace Verbose: 0 : 232, 4, 2021/08/21, 16:36:11.423, 158638359153, testhost.dll, TestPluginCache.DiscoverTestExtensions: Discovering the extensions using extension path.
TpTrace Verbose: 0 : 232, 4, 2021/08/21, 16:36:11.423, 158638361462, testhost.dll, TestPluginCache.GetExtensionPaths: Filtered extension paths: 
TpTrace Verbose: 0 : 232, 4, 2021/08/21, 16:36:11.423, 158638362230, testhost.dll, TestPluginCache.GetExtensionPaths: Added default extension paths: C:\Users\Ehlimana\source\repos\SistemZaGrijanje\SistemZaGrijanje\bin\Debug\net5.0\fine-code-coverage\build-output\Microsoft.VisualStudio.TestPlatform.MSTest.TestAdapter.dll
TpTrace Verbose: 0 : 232, 4, 2021/08/21, 16:36:11.423, 158638362857, testhost.dll, TestPluginCache.GetExtensionPaths: Added unfilterableExtensionPaths: 
TpTrace Verbose: 0 : 232, 4, 2021/08/21, 16:36:11.423, 158638363917, testhost.dll, TestPluginCache.DiscoverTestExtensions: Discovering the extensions using allExtensionPaths: C:\Users\Ehlimana\source\repos\SistemZaGrijanje\SistemZaGrijanje\bin\Debug\net5.0\fine-code-coverage\build-output\Microsoft.VisualStudio.TestPlatform.MSTest.TestAdapter.dll
TpTrace Information: 0 : 232, 4, 2021/08/21, 16:36:11.425, 158638380030, testhost.dll, AssemblyResolver.AddSearchDirectories: Adding more searchDirectories C:\Users\Ehlimana\source\repos\SistemZaGrijanje\SistemZaGrijanje\bin\Debug\net5.0\fine-code-coverage\build-output
TpTrace Information: 0 : 232, 4, 2021/08/21, 16:36:11.432, 158638445479, testhost.dll, AssemblyResolver.OnResolve: Microsoft.VisualStudio.TestPlatform.MSTest.TestAdapter: Resolving assembly.
TpTrace Information: 0 : 232, 4, 2021/08/21, 16:36:11.434, 158638470021, testhost.dll, AssemblyResolver.OnResolve: Resolved assembly: Microsoft.VisualStudio.TestPlatform.MSTest.TestAdapter, from path: C:\Users\Ehlimana\source\repos\SistemZaGrijanje\SistemZaGrijanje\bin\Debug\net5.0\fine-code-coverage\build-output\Microsoft.VisualStudio.TestPlatform.MSTest.TestAdapter.dll
TpTrace Verbose: 0 : 232, 4, 2021/08/21, 16:36:11.446, 158638589632, testhost.dll, TestPluginCache: Discovered the extensions using extension path ''.
TpTrace Verbose: 0 : 232, 4, 2021/08/21, 16:36:11.447, 158638597370, testhost.dll, TestPluginCache: Discoverers are ''.
TpTrace Verbose: 0 : 232, 4, 2021/08/21, 16:36:11.447, 158638599598, testhost.dll, TestPluginCache: Executors are 'executor://MSTestAdapter/v2'.
TpTrace Verbose: 0 : 232, 4, 2021/08/21, 16:36:11.447, 158638601018, testhost.dll, TestPluginCache: Executors2 are ''.
TpTrace Verbose: 0 : 232, 4, 2021/08/21, 16:36:11.447, 158638602313, testhost.dll, TestPluginCache: Setting providers are ''.
TpTrace Verbose: 0 : 232, 4, 2021/08/21, 16:36:11.447, 158638603405, testhost.dll, TestPluginCache: Loggers are ''.
TpTrace Verbose: 0 : 232, 5, 2021/08/21, 16:36:11.452, 158638648458, testhost.dll, TcpClientExtensions.MessageLoopAsync: Polling on remoteEndPoint: [::ffff:127.0.0.1]:59536 localEndPoint: [::ffff:127.0.0.1]:59537
TpTrace Verbose: 0 : 232, 4, 2021/08/21, 16:36:11.452, 158638650803, testhost.dll, TestPluginCache.DiscoverTestExtensions: finding test extensions in assemblies ends with: TestAdapter.dll TPluginInfo: Microsoft.VisualStudio.TestPlatform.Common.ExtensionFramework.Utilities.TestExecutorPluginInformation2 TExtension: Microsoft.VisualStudio.TestPlatform.ObjectModel.Adapter.ITestExecutor2
TpTrace Verbose: 0 : 232, 4, 2021/08/21, 16:36:11.453, 158638655428, testhost.dll, TestPluginCache.GetExtensionPaths: Filtered extension paths: 
TpTrace Verbose: 0 : 232, 4, 2021/08/21, 16:36:11.453, 158638656896, testhost.dll, TestPluginCache.GetExtensionPaths: Added default extension paths: C:\Users\Ehlimana\source\repos\SistemZaGrijanje\SistemZaGrijanje\bin\Debug\net5.0\fine-code-coverage\build-output\Microsoft.VisualStudio.TestPlatform.MSTest.TestAdapter.dll
TpTrace Verbose: 0 : 232, 4, 2021/08/21, 16:36:11.453, 158638657711, testhost.dll, TestPluginCache.GetExtensionPaths: Added unfilterableExtensionPaths: 
TpTrace Information: 0 : 232, 4, 2021/08/21, 16:36:11.453, 158638660806, testhost.dll, AssemblyResolver.AddSearchDirectories: Adding more searchDirectories C:\Users\Ehlimana\source\repos\SistemZaGrijanje\SistemZaGrijanje\bin\Debug\net5.0\fine-code-coverage\build-output
TpTrace Verbose: 0 : 232, 4, 2021/08/21, 16:36:11.453, 158638661912, testhost.dll, TestPluginCache.DiscoverTestExtensions: Discovering the extensions using extension path.
TpTrace Verbose: 0 : 232, 4, 2021/08/21, 16:36:11.453, 158638662663, testhost.dll, TestPluginCache.GetExtensionPaths: Filtered extension paths: 
TpTrace Verbose: 0 : 232, 4, 2021/08/21, 16:36:11.453, 158638663365, testhost.dll, TestPluginCache.GetExtensionPaths: Added default extension paths: C:\Users\Ehlimana\source\repos\SistemZaGrijanje\SistemZaGrijanje\bin\Debug\net5.0\fine-code-coverage\build-output\Microsoft.VisualStudio.TestPlatform.MSTest.TestAdapter.dll
TpTrace Verbose: 0 : 232, 4, 2021/08/21, 16:36:11.453, 158638664076, testhost.dll, TestPluginCache.GetExtensionPaths: Added unfilterableExtensionPaths: 
TpTrace Verbose: 0 : 232, 4, 2021/08/21, 16:36:11.454, 158638664842, testhost.dll, TestPluginCache.DiscoverTestExtensions: Discovering the extensions using allExtensionPaths: C:\Users\Ehlimana\source\repos\SistemZaGrijanje\SistemZaGrijanje\bin\Debug\net5.0\fine-code-coverage\build-output\Microsoft.VisualStudio.TestPlatform.MSTest.TestAdapter.dll
TpTrace Information: 0 : 232, 4, 2021/08/21, 16:36:11.454, 158638665985, testhost.dll, AssemblyResolver.AddSearchDirectories: Adding more searchDirectories C:\Users\Ehlimana\source\repos\SistemZaGrijanje\SistemZaGrijanje\bin\Debug\net5.0\fine-code-coverage\build-output
TpTrace Verbose: 0 : 232, 4, 2021/08/21, 16:36:11.454, 158638670374, testhost.dll, TestPluginCache: Discovered the extensions using extension path ''.
TpTrace Verbose: 0 : 232, 4, 2021/08/21, 16:36:11.454, 158638671551, testhost.dll, TestPluginCache: Discoverers are ''.
TpTrace Verbose: 0 : 232, 4, 2021/08/21, 16:36:11.454, 158638672544, testhost.dll, TestPluginCache: Executors are 'executor://MSTestAdapter/v2'.
TpTrace Verbose: 0 : 232, 4, 2021/08/21, 16:36:11.454, 158638673900, testhost.dll, TestPluginCache: Executors2 are ''.
TpTrace Verbose: 0 : 232, 4, 2021/08/21, 16:36:11.455, 158638674626, testhost.dll, TestPluginCache: Setting providers are ''.
TpTrace Verbose: 0 : 232, 4, 2021/08/21, 16:36:11.455, 158638675311, testhost.dll, TestPluginCache: Loggers are ''.
TpTrace Information: 0 : 232, 4, 2021/08/21, 16:36:11.464, 158638764983, testhost.dll, TestPluginManager.CreateTestExtension: Attempting to load test extension: Microsoft.VisualStudio.TestPlatform.MSTest.TestAdapter.MSTestExecutor
TpTrace Verbose: 0 : 232, 4, 2021/08/21, 16:36:11.475, 158638881642, testhost.dll, TestExecutorExtensionManager: Loading executor Microsoft.VisualStudio.TestPlatform.MSTest.TestAdapter.MSTestExecutor
TpTrace Verbose: 0 : 232, 4, 2021/08/21, 16:36:11.475, 158638883147, testhost.dll, TestExecutorService: Loaded the executors
TpTrace Verbose: 0 : 232, 4, 2021/08/21, 16:36:11.476, 158638894473, testhost.dll, TestPluginCache.DiscoverTestExtensions: finding test extensions in assemblies ends with: TestAdapter.dll TPluginInfo: Microsoft.VisualStudio.TestPlatform.Common.ExtensionFramework.Utilities.TestSettingsProviderPluginInformation TExtension: Microsoft.VisualStudio.TestPlatform.ObjectModel.Adapter.ISettingsProvider
TpTrace Verbose: 0 : 232, 4, 2021/08/21, 16:36:11.477, 158638897249, testhost.dll, TestPluginCache.GetExtensionPaths: Filtered extension paths: 
TpTrace Verbose: 0 : 232, 4, 2021/08/21, 16:36:11.477, 158638898183, testhost.dll, TestPluginCache.GetExtensionPaths: Added default extension paths: C:\Users\Ehlimana\source\repos\SistemZaGrijanje\SistemZaGrijanje\bin\Debug\net5.0\fine-code-coverage\build-output\Microsoft.VisualStudio.TestPlatform.MSTest.TestAdapter.dll
TpTrace Verbose: 0 : 232, 4, 2021/08/21, 16:36:11.477, 158638898773, testhost.dll, TestPluginCache.GetExtensionPaths: Added unfilterableExtensionPaths: 
TpTrace Information: 0 : 232, 4, 2021/08/21, 16:36:11.477, 158638900592, testhost.dll, AssemblyResolver.AddSearchDirectories: Adding more searchDirectories C:\Users\Ehlimana\source\repos\SistemZaGrijanje\SistemZaGrijanje\bin\Debug\net5.0\fine-code-coverage\build-output
TpTrace Verbose: 0 : 232, 4, 2021/08/21, 16:36:11.477, 158638901299, testhost.dll, TestPluginCache.DiscoverTestExtensions: Discovering the extensions using extension path.
TpTrace Verbose: 0 : 232, 4, 2021/08/21, 16:36:11.477, 158638901867, testhost.dll, TestPluginCache.GetExtensionPaths: Filtered extension paths: 
TpTrace Verbose: 0 : 232, 4, 2021/08/21, 16:36:11.477, 158638902394, testhost.dll, TestPluginCache.GetExtensionPaths: Added default extension paths: C:\Users\Ehlimana\source\repos\SistemZaGrijanje\SistemZaGrijanje\bin\Debug\net5.0\fine-code-coverage\build-output\Microsoft.VisualStudio.TestPlatform.MSTest.TestAdapter.dll
TpTrace Verbose: 0 : 232, 4, 2021/08/21, 16:36:11.477, 158638902928, testhost.dll, TestPluginCache.GetExtensionPaths: Added unfilterableExtensionPaths: 
TpTrace Verbose: 0 : 232, 4, 2021/08/21, 16:36:11.477, 158638903507, testhost.dll, TestPluginCache.DiscoverTestExtensions: Discovering the extensions using allExtensionPaths: C:\Users\Ehlimana\source\repos\SistemZaGrijanje\SistemZaGrijanje\bin\Debug\net5.0\fine-code-coverage\build-output\Microsoft.VisualStudio.TestPlatform.MSTest.TestAdapter.dll
TpTrace Information: 0 : 232, 4, 2021/08/21, 16:36:11.477, 158638904235, testhost.dll, AssemblyResolver.AddSearchDirectories: Adding more searchDirectories C:\Users\Ehlimana\source\repos\SistemZaGrijanje\SistemZaGrijanje\bin\Debug\net5.0\fine-code-coverage\build-output
TpTrace Verbose: 0 : 232, 4, 2021/08/21, 16:36:11.478, 158638907179, testhost.dll, TestPluginCache: Discovered the extensions using extension path ''.
TpTrace Verbose: 0 : 232, 4, 2021/08/21, 16:36:11.478, 158638907986, testhost.dll, TestPluginCache: Discoverers are ''.
TpTrace Verbose: 0 : 232, 4, 2021/08/21, 16:36:11.478, 158638908561, testhost.dll, TestPluginCache: Executors are 'executor://MSTestAdapter/v2'.
TpTrace Verbose: 0 : 232, 4, 2021/08/21, 16:36:11.478, 158638909093, testhost.dll, TestPluginCache: Executors2 are ''.
TpTrace Verbose: 0 : 232, 4, 2021/08/21, 16:36:11.478, 158638909819, testhost.dll, TestPluginCache: Setting providers are ''.
TpTrace Verbose: 0 : 232, 4, 2021/08/21, 16:36:11.478, 158638910408, testhost.dll, TestPluginCache: Loggers are ''.
TpTrace Verbose: 0 : 232, 4, 2021/08/21, 16:36:11.479, 158638922863, testhost.dll, TestExecutorService: Loaded the settings providers
TpTrace Information: 0 : 232, 4, 2021/08/21, 16:36:11.479, 158638924268, testhost.dll, TestExecutorService: Loaded the extensions
TpTrace Information: 0 : 232, 4, 2021/08/21, 16:36:11.586, 158639991713, testhost.dll, TestDiscoveryManager: Discovering tests from sources C:\Users\Ehlimana\source\repos\SistemZaGrijanje\SistemZaGrijanje\bin\Debug\net5.0\fine-code-coverage\build-output\SistemZaGrijanje.dll
TpTrace Verbose: 0 : 232, 4, 2021/08/21, 16:36:11.889, 158643018897, testhost.dll, TestPluginCache.DiscoverTestExtensions: finding test extensions in assemblies ends with: TestAdapter.dll TPluginInfo: Microsoft.VisualStudio.TestPlatform.Common.ExtensionFramework.Utilities.TestDiscovererPluginInformation TExtension: Microsoft.VisualStudio.TestPlatform.ObjectModel.Adapter.ITestDiscoverer
TpTrace Verbose: 0 : 232, 4, 2021/08/21, 16:36:11.889, 158643022096, testhost.dll, TestPluginCache.GetExtensionPaths: Filtered extension paths: 
TpTrace Verbose: 0 : 232, 4, 2021/08/21, 16:36:11.889, 158643024309, testhost.dll, TestPluginCache.GetExtensionPaths: Added default extension paths: C:\Users\Ehlimana\source\repos\SistemZaGrijanje\SistemZaGrijanje\bin\Debug\net5.0\fine-code-coverage\build-output\Microsoft.VisualStudio.TestPlatform.MSTest.TestAdapter.dll
TpTrace Verbose: 0 : 232, 4, 2021/08/21, 16:36:11.890, 158643025238, testhost.dll, TestPluginCache.GetExtensionPaths: Added unfilterableExtensionPaths: 
TpTrace Information: 0 : 232, 4, 2021/08/21, 16:36:11.890, 158643027519, testhost.dll, AssemblyResolver.AddSearchDirectories: Adding more searchDirectories C:\Users\Ehlimana\source\repos\SistemZaGrijanje\SistemZaGrijanje\bin\Debug\net5.0\fine-code-coverage\build-output
TpTrace Verbose: 0 : 232, 4, 2021/08/21, 16:36:11.890, 158643028891, testhost.dll, TestPluginCache.DiscoverTestExtensions: Discovering the extensions using extension path.
TpTrace Verbose: 0 : 232, 4, 2021/08/21, 16:36:11.890, 158643029693, testhost.dll, TestPluginCache.GetExtensionPaths: Filtered extension paths: 
TpTrace Verbose: 0 : 232, 4, 2021/08/21, 16:36:11.890, 158643030394, testhost.dll, TestPluginCache.GetExtensionPaths: Added default extension paths: C:\Users\Ehlimana\source\repos\SistemZaGrijanje\SistemZaGrijanje\bin\Debug\net5.0\fine-code-coverage\build-output\Microsoft.VisualStudio.TestPlatform.MSTest.TestAdapter.dll
TpTrace Verbose: 0 : 232, 4, 2021/08/21, 16:36:11.890, 158643031256, testhost.dll, TestPluginCache.GetExtensionPaths: Added unfilterableExtensionPaths: 
TpTrace Verbose: 0 : 232, 4, 2021/08/21, 16:36:11.890, 158643032082, testhost.dll, TestPluginCache.DiscoverTestExtensions: Discovering the extensions using allExtensionPaths: C:\Users\Ehlimana\source\repos\SistemZaGrijanje\SistemZaGrijanje\bin\Debug\net5.0\fine-code-coverage\build-output\Microsoft.VisualStudio.TestPlatform.MSTest.TestAdapter.dll
TpTrace Information: 0 : 232, 4, 2021/08/21, 16:36:11.890, 158643033249, testhost.dll, AssemblyResolver.AddSearchDirectories: Adding more searchDirectories C:\Users\Ehlimana\source\repos\SistemZaGrijanje\SistemZaGrijanje\bin\Debug\net5.0\fine-code-coverage\build-output
TpTrace Verbose: 0 : 232, 4, 2021/08/21, 16:36:11.895, 158643074885, testhost.dll, TestPluginCache: Discovered the extensions using extension path ''.
TpTrace Verbose: 0 : 232, 4, 2021/08/21, 16:36:11.895, 158643077029, testhost.dll, TestPluginCache: Discoverers are 'Microsoft.VisualStudio.TestPlatform.MSTest.TestAdapter.MSTestDiscoverer, Microsoft.VisualStudio.TestPlatform.MSTest.TestAdapter, Version=14.0.0.0, Culture=neutral, PublicKeyToken=b03f5f7f11d50a3a'.
TpTrace Verbose: 0 : 232, 4, 2021/08/21, 16:36:11.895, 158643078667, testhost.dll, TestPluginCache: Executors are 'executor://MSTestAdapter/v2'.
TpTrace Verbose: 0 : 232, 4, 2021/08/21, 16:36:11.895, 158643080101, testhost.dll, TestPluginCache: Executors2 are ''.
TpTrace Verbose: 0 : 232, 4, 2021/08/21, 16:36:11.895, 158643082135, testhost.dll, TestPluginCache: Setting providers are ''.
TpTrace Verbose: 0 : 232, 4, 2021/08/21, 16:36:11.895, 158643083776, testhost.dll, TestPluginCache: Loggers are ''.
TpTrace Verbose: 0 : 232, 4, 2021/08/21, 16:36:11.905, 158643183325, testhost.dll, BaseRunTests.RunTestInternalWithExecutors: Running tests for executor://MSTestAdapter/v2
TpTrace Information: 0 : 232, 4, 2021/08/21, 16:36:11.906, 158643192833, testhost.dll, AssemblyResolver.OnResolve: Microsoft.VisualStudio.TestPlatform.MSTestAdapter.PlatformServices.Interface: Resolving assembly.
TpTrace Information: 0 : 232, 4, 2021/08/21, 16:36:11.907, 158643204097, testhost.dll, AssemblyResolver.OnResolve: Resolved assembly: Microsoft.VisualStudio.TestPlatform.MSTestAdapter.PlatformServices.Interface, from path: C:\Users\Ehlimana\source\repos\SistemZaGrijanje\SistemZaGrijanje\bin\Debug\net5.0\fine-code-coverage\build-output\Microsoft.VisualStudio.TestPlatform.MSTestAdapter.PlatformServices.Interface.dll
TpTrace Information: 0 : 232, 4, 2021/08/21, 16:36:11.909, 158643223214, testhost.dll, AssemblyResolver.OnResolve: Microsoft.VisualStudio.TestPlatform.MSTestAdapter.PlatformServices: Resolving assembly.
TpTrace Information: 0 : 232, 4, 2021/08/21, 16:36:11.910, 158643232131, testhost.dll, AssemblyResolver.OnResolve: Resolved assembly: Microsoft.VisualStudio.TestPlatform.MSTestAdapter.PlatformServices, from path: C:\Users\Ehlimana\source\repos\SistemZaGrijanje\SistemZaGrijanje\bin\Debug\net5.0\fine-code-coverage\build-output\Microsoft.VisualStudio.TestPlatform.MSTestAdapter.PlatformServices.dll
TpTrace Information: 0 : 232, 4, 2021/08/21, 16:36:11.911, 158643236625, testhost.dll, MSTest - MSTestExecutor.RunTests: Running tests from sources.
TpTrace Information: 0 : 232, 4, 2021/08/21, 16:36:11.914, 158643265676, testhost.dll, MSTest - CollectSourceInformation value Found : False 
TpTrace Information: 0 : 232, 4, 2021/08/21, 16:36:11.934, 158643464994, testhost.dll, AssemblyResolver.OnResolve: Microsoft.TestPlatform.AdapterUtilities: Resolving assembly.
TpTrace Information: 0 : 232, 4, 2021/08/21, 16:36:11.934, 158643472717, testhost.dll, AssemblyResolver.OnResolve: Resolved assembly: Microsoft.TestPlatform.AdapterUtilities, from path: C:\Users\Ehlimana\source\repos\SistemZaGrijanje\SistemZaGrijanje\bin\Debug\net5.0\fine-code-coverage\build-output\Microsoft.TestPlatform.AdapterUtilities.dll
TpTrace Information: 0 : 232, 4, 2021/08/21, 16:36:11.945, 158643580331, testhost.dll, MSTest - MSTestDiscoverer: Found 6 tests from source C:\Users\Ehlimana\source\repos\SistemZaGrijanje\SistemZaGrijanje\bin\Debug\net5.0\fine-code-coverage\build-output\SistemZaGrijanje.dll
TpTrace Information: 0 : 232, 4, 2021/08/21, 16:36:11.962, 158643750883, testhost.dll, AssemblyResolver.OnResolve: Microsoft.VisualStudio.TestPlatform.MSTestAdapter.PlatformServices.resources: Resolving assembly.
TpTrace Information: 0 : 232, 4, 2021/08/21, 16:36:11.962, 158643753332, testhost.dll, AssemblyResolver.OnResolve: Microsoft.VisualStudio.TestPlatform.MSTestAdapter.PlatformServices.resources: Failed to load assembly.
TpTrace Information: 0 : 232, 4, 2021/08/21, 16:36:11.963, 158643757817, testhost.dll, AssemblyResolver.OnResolve: Microsoft.VisualStudio.TestPlatform.MSTestAdapter.PlatformServices.resources: Resolving assembly.
TpTrace Information: 0 : 232, 4, 2021/08/21, 16:36:11.963, 158643758829, testhost.dll, AssemblyResolver.OnResolve: Microsoft.VisualStudio.TestPlatform.MSTestAdapter.PlatformServices.resources: Resolved from cache.
TpTrace Information: 0 : 232, 4, 2021/08/21, 16:36:11.978, 158643909447, testhost.dll, MSTest - Created unit-test runner C:\Users\Ehlimana\source\repos\SistemZaGrijanje\SistemZaGrijanje\bin\Debug\net5.0\fine-code-coverage\build-output\SistemZaGrijanje.dll
TpTrace Verbose: 0 : 232, 4, 2021/08/21, 16:36:11.982, 158643945416, testhost.dll, TestExecutionRecorder.RecordStart: Starting test: SistemZaGrijanje.UnitTest1.TestDeaktivacijeGrijanja.
TpTrace Information: 0 : 232, 4, 2021/08/21, 16:36:12.057, 158644701245, testhost.dll, MSTest - Executing test TestDeaktivacijeGrijanja
TpTrace Information: 0 : 232, 4, 2021/08/21, 16:36:12.096, 158645087940, testhost.dll, MSTest - Executed test TestDeaktivacijeGrijanja
TpTrace Verbose: 0 : 232, 4, 2021/08/21, 16:36:12.100, 158645130400, testhost.dll, TestExecutionRecorder.RecordEnd: test: SistemZaGrijanje.UnitTest1.TestDeaktivacijeGrijanja execution completed.
TpTrace Verbose: 0 : 232, 4, 2021/08/21, 16:36:12.119, 158645318549, testhost.dll, TestExecutionRecorder.RecordResult: Received result for test: SistemZaGrijanje.UnitTest1.TestDeaktivacijeGrijanja.
TpTrace Warning: 0 : 232, 4, 2021/08/21, 16:36:12.124, 158645365147, testhost.dll, TestRunCache: InProgressTests is null
TpTrace Warning: 0 : 232, 4, 2021/08/21, 16:36:12.124, 158645367416, testhost.dll, TestRunCache: No test found corresponding to testResult '' in inProgress list.
TpTrace Verbose: 0 : 232, 4, 2021/08/21, 16:36:12.124, 158645368552, testhost.dll, TestExecutionRecorder.RecordStart: Starting test: SistemZaGrijanje.UnitTest1.TestKontroleGrijanja1.
TpTrace Information: 0 : 232, 4, 2021/08/21, 16:36:12.125, 158645383063, testhost.dll, MSTest - Executing test TestKontroleGrijanja1
TpTrace Information: 0 : 232, 4, 2021/08/21, 16:36:12.127, 158645402331, testhost.dll, MSTest - Executed test TestKontroleGrijanja1
TpTrace Verbose: 0 : 232, 4, 2021/08/21, 16:36:12.127, 158645403675, testhost.dll, TestExecutionRecorder.RecordEnd: test: SistemZaGrijanje.UnitTest1.TestKontroleGrijanja1 execution completed.
TpTrace Verbose: 0 : 232, 4, 2021/08/21, 16:36:12.129, 158645417991, testhost.dll, TestExecutionRecorder.RecordResult: Received result for test: SistemZaGrijanje.UnitTest1.TestKontroleGrijanja1.
TpTrace Warning: 0 : 232, 4, 2021/08/21, 16:36:12.129, 158645419325, testhost.dll, TestRunCache: InProgressTests is null
TpTrace Warning: 0 : 232, 4, 2021/08/21, 16:36:12.129, 158645419837, testhost.dll, TestRunCache: No test found corresponding to testResult '' in inProgress list.
TpTrace Verbose: 0 : 232, 4, 2021/08/21, 16:36:12.129, 158645420475, testhost.dll, TestExecutionRecorder.RecordStart: Starting test: SistemZaGrijanje.UnitTest1.TestKontroleGrijanja2.
TpTrace Information: 0 : 232, 4, 2021/08/21, 16:36:12.133, 158645460280, testhost.dll, MSTest - Executing test TestKontroleGrijanja2
TpTrace Information: 0 : 232, 4, 2021/08/21, 16:36:12.134, 158645469466, testhost.dll, MSTest - Executed test TestKontroleGrijanja2
TpTrace Verbose: 0 : 232, 4, 2021/08/21, 16:36:12.134, 158645470861, testhost.dll, TestExecutionRecorder.RecordEnd: test: SistemZaGrijanje.UnitTest1.TestKontroleGrijanja2 execution completed.
TpTrace Verbose: 0 : 232, 4, 2021/08/21, 16:36:12.136, 158645485853, testhost.dll, TestExecutionRecorder.RecordResult: Received result for test: SistemZaGrijanje.UnitTest1.TestKontroleGrijanja2.
TpTrace Warning: 0 : 232, 4, 2021/08/21, 16:36:12.136, 158645487093, testhost.dll, TestRunCache: InProgressTests is null
TpTrace Warning: 0 : 232, 4, 2021/08/21, 16:36:12.136, 158645487570, testhost.dll, TestRunCache: No test found corresponding to testResult '' in inProgress list.
TpTrace Verbose: 0 : 232, 4, 2021/08/21, 16:36:12.136, 158645488211, testhost.dll, TestExecutionRecorder.RecordStart: Starting test: SistemZaGrijanje.UnitTest1.TestUsrednjavanjaJačineGrijanja.
TpTrace Information: 0 : 232, 4, 2021/08/21, 16:36:12.138, 158645506657, testhost.dll, MSTest - Executing test TestUsrednjavanjaJačineGrijanja
TpTrace Information: 0 : 232, 4, 2021/08/21, 16:36:12.140, 158645528519, testhost.dll, MSTest - Executed test TestUsrednjavanjaJačineGrijanja
TpTrace Verbose: 0 : 232, 4, 2021/08/21, 16:36:12.140, 158645529768, testhost.dll, TestExecutionRecorder.RecordEnd: test: SistemZaGrijanje.UnitTest1.TestUsrednjavanjaJačineGrijanja execution completed.
TpTrace Verbose: 0 : 232, 4, 2021/08/21, 16:36:12.141, 158645543600, testhost.dll, TestExecutionRecorder.RecordResult: Received result for test: SistemZaGrijanje.UnitTest1.TestUsrednjavanjaJačineGrijanja.
TpTrace Warning: 0 : 232, 4, 2021/08/21, 16:36:12.142, 158645545296, testhost.dll, TestRunCache: InProgressTests is null
TpTrace Warning: 0 : 232, 4, 2021/08/21, 16:36:12.142, 158645546530, testhost.dll, TestRunCache: No test found corresponding to testResult '' in inProgress list.
TpTrace Verbose: 0 : 232, 4, 2021/08/21, 16:36:12.142, 158645547561, testhost.dll, TestExecutionRecorder.RecordStart: Starting test: SistemZaGrijanje.UnitTest1.TestDefrostTehnologijeOK.
TpTrace Information: 0 : 232, 4, 2021/08/21, 16:36:12.144, 158645564686, testhost.dll, MSTest - Executing test TestDefrostTehnologijeOK
TpTrace Information: 0 : 232, 4, 2021/08/21, 16:36:12.144, 158645572428, testhost.dll, MSTest - Executed test TestDefrostTehnologijeOK
TpTrace Verbose: 0 : 232, 4, 2021/08/21, 16:36:12.144, 158645573324, testhost.dll, TestExecutionRecorder.RecordEnd: test: SistemZaGrijanje.UnitTest1.TestDefrostTehnologijeOK execution completed.
TpTrace Verbose: 0 : 232, 4, 2021/08/21, 16:36:12.146, 158645587786, testhost.dll, TestExecutionRecorder.RecordResult: Received result for test: SistemZaGrijanje.UnitTest1.TestDefrostTehnologijeOK.
TpTrace Warning: 0 : 232, 4, 2021/08/21, 16:36:12.146, 158645589529, testhost.dll, TestRunCache: InProgressTests is null
TpTrace Warning: 0 : 232, 4, 2021/08/21, 16:36:12.146, 158645590085, testhost.dll, TestRunCache: No test found corresponding to testResult '' in inProgress list.
TpTrace Verbose: 0 : 232, 4, 2021/08/21, 16:36:12.146, 158645590724, testhost.dll, TestExecutionRecorder.RecordStart: Starting test: SistemZaGrijanje.UnitTest1.TestDefrostTehnologijeNeočekivanoPonašanje.
TpTrace Information: 0 : 232, 4, 2021/08/21, 16:36:12.147, 158645603362, testhost.dll, MSTest - Executing test TestDefrostTehnologijeNeočekivanoPonašanje
TpTrace Information: 0 : 232, 4, 2021/08/21, 16:36:12.149, 158645615672, testhost.dll, AssemblyResolver.OnResolve: Microsoft.VisualStudio.TestPlatform.TestFramework.resources: Resolving assembly.
TpTrace Information: 0 : 232, 4, 2021/08/21, 16:36:12.149, 158645617945, testhost.dll, AssemblyResolver.OnResolve: Microsoft.VisualStudio.TestPlatform.TestFramework.resources: Failed to load assembly.
TpTrace Information: 0 : 232, 4, 2021/08/21, 16:36:12.150, 158645625830, testhost.dll, MSTest - Executed test TestDefrostTehnologijeNeočekivanoPonašanje
TpTrace Verbose: 0 : 232, 4, 2021/08/21, 16:36:12.150, 158645627158, testhost.dll, TestExecutionRecorder.RecordEnd: test: SistemZaGrijanje.UnitTest1.TestDefrostTehnologijeNeočekivanoPonašanje execution completed.
TpTrace Information: 0 : 232, 4, 2021/08/21, 16:36:12.151, 158645643563, testhost.dll, MSTest - MSTestExecutor:Test SistemZaGrijanje.UnitTest1.TestDefrostTehnologijeNeočekivanoPonašanje failed. ErrorMessage:Test method did not throw expected exception System.Exception. , ErrorStackTrace:.
TpTrace Verbose: 0 : 232, 4, 2021/08/21, 16:36:12.152, 158645645523, testhost.dll, TestExecutionRecorder.RecordResult: Received result for test: SistemZaGrijanje.UnitTest1.TestDefrostTehnologijeNeočekivanoPonašanje.
TpTrace Warning: 0 : 232, 4, 2021/08/21, 16:36:12.152, 158645647118, testhost.dll, TestRunCache: InProgressTests is null
TpTrace Warning: 0 : 232, 4, 2021/08/21, 16:36:12.152, 158645648038, testhost.dll, TestRunCache: No test found corresponding to testResult '' in inProgress list.
TpTrace Information: 0 : 232, 4, 2021/08/21, 16:36:12.152, 158645651677, testhost.dll, MSTest - Executing cleanup methods.
TpTrace Information: 0 : 232, 4, 2021/08/21, 16:36:12.154, 158645668203, testhost.dll, MSTest - Executed cleanup methods.
TpTrace Information: 0 : 232, 4, 2021/08/21, 16:36:12.154, 158645669329, testhost.dll, MSTest - Executed tests belonging to source C:\Users\Ehlimana\source\repos\SistemZaGrijanje\SistemZaGrijanje\bin\Debug\net5.0\fine-code-coverage\build-output\SistemZaGrijanje.dll
TpTrace Verbose: 0 : 232, 4, 2021/08/21, 16:36:12.154, 158645673260, testhost.dll, BaseRunTests.RunTestInternalWithExecutors: Completed running tests for executor://MSTestAdapter/v2
TpTrace Information: 0 : 232, 4, 2021/08/21, 16:36:12.158, 158645707726, testhost.dll, Sending test run complete
TpTrace Verbose: 0 : 232, 4, 2021/08/21, 16:36:12.200, 158646134046, testhost.dll, TestRequestHandler.SendData:  sending data from testhost: {"Version":5,"MessageType":"TestExecution.Completed","Payload":{"TestRunCompleteArgs":{"TestRunStatistics":{"ExecutedTests":6,"Stats":{"Passed":5,"Failed":1}},"IsCanceled":false,"IsAborted":false,"Error":null,"AttachmentSets":[],"ElapsedTimeInRunningTests":"00:00:00.2565204","Metrics":{}},"LastRunTests":{"NewTestResults":[{"TestCase":{"Id":"dc4a424f-90e5-0644-39fd-b5fa7da31657","FullyQualifiedName":"SistemZaGrijanje.UnitTest1.TestDeaktivacijeGrijanja","DisplayName":"TestDeaktivacijeGrijanja","ExecutorUri":"executor://MSTestAdapter/v2","Source":"C:\\Users\\Ehlimana\\source\\repos\\SistemZaGrijanje\\SistemZaGrijanje\\bin\\Debug\\net5.0\\fine-code-coverage\\build-output\\SistemZaGrijanje.dll","CodeFilePath":null,"LineNumber":-1,"Properties":[{"Key":{"Id":"TestCase.ManagedType","Label":"ManagedType","Category":"","Description":"","Attributes":1,"ValueType":"System.String"},"Value":"SistemZaGrijanje.UnitTest1"},{"Key":{"Id":"TestCase.ManagedMethod","Label":"ManagedMethod","Category":"","Description":"","Attributes":1,"ValueType":"System.String"},"Value":"TestDeaktivacijeGrijanja"},{"Key":{"Id":"MSTestDiscoverer.TestClassName","Label":"ClassName","Category":"","Description":"","Attributes":1,"ValueType":"System.String"},"Value":"SistemZaGrijanje.UnitTest1"},{"Key":{"Id":"TestObject.Traits","Label":"Traits","Category":"","Description":"","Attributes":5,"ValueType":"System.Collections.Generic.KeyValuePair`2[[System.String],[System.String]][]"},"Value":[]}]},"Attachments":[],"Outcome":1,"ErrorMessage":null,"ErrorStackTrace":null,"DisplayName":null,"Messages":[],"ComputerName":null,"Duration":"00:00:00.0050418","StartTime":"2021-08-21T16:36:12.0575779+02:00","EndTime":"2021-08-21T16:36:12.0964679+02:00","Properties":[{"Key":{"Id":"ExecutionId","Label":"ExecutionId","Category":"","Description":"","Attributes":1,"ValueType":"System.Guid"},"Value":"00000000-0000-0000-0000-000000000000"},{"Key":{"Id":"ParentExecId","Label":"ParentExecId","Category":"","Description":"","Attributes":1,"ValueType":"System.Guid"},"Value":"00000000-0000-0000-0000-000000000000"},{"Key":{"Id":"InnerResultsCount","Label":"InnerResultsCount","Category":"","Description":"","Attributes":1,"ValueType":"System.Int32"},"Value":0}]},{"TestCase":{"Id":"a64abefc-60b8-e894-398a-626dc5bb4396","FullyQualifiedName":"SistemZaGrijanje.UnitTest1.TestKontroleGrijanja1","DisplayName":"TestKontroleGrijanja1","ExecutorUri":"executor://MSTestAdapter/v2","Source":"C:\\Users\\Ehlimana\\source\\repos\\SistemZaGrijanje\\SistemZaGrijanje\\bin\\Debug\\net5.0\\fine-code-coverage\\build-output\\SistemZaGrijanje.dll","CodeFilePath":null,"LineNumber":-1,"Properties":[{"Key":{"Id":"TestCase.ManagedType","Label":"ManagedType","Category":"","Description":"","Attributes":1,"ValueType":"System.String"},"Value":"SistemZaGrijanje.UnitTest1"},{"Key":{"Id":"TestCase.ManagedMethod","Label":"ManagedMethod","Category":"","Description":"","Attributes":1,"ValueType":"System.String"},"Value":"TestKontroleGrijanja1"},{"Key":{"Id":"MSTestDiscoverer.TestClassName","Label":"ClassName","Category":"","Description":"","Attributes":1,"ValueType":"System.String"},"Value":"SistemZaGrijanje.UnitTest1"},{"Key":{"Id":"TestObject.Traits","Label":"Traits","Category":"","Description":"","Attributes":5,"ValueType":"System.Collections.Generic.KeyValuePair`2[[System.String],[System.String]][]"},"Value":[]}]},"Attachments":[],"Outcome":1,"ErrorMessage":null,"ErrorStackTrace":null,"DisplayName":null,"Messages":[],"ComputerName":null,"Duration":"00:00:00.0014095","StartTime":"2021-08-21T16:36:12.1258332+02:00","EndTime":"2021-08-21T16:36:12.1278936+02:00","Properties":[{"Key":{"Id":"ExecutionId","Label":"ExecutionId","Category":"","Description":"","Attributes":1,"ValueType":"System.Guid"},"Value":"00000000-0000-0000-0000-000000000000"},{"Key":{"Id":"ParentExecId","Label":"ParentExecId","Category":"","Description":"","Attributes":1,"ValueType":"System.Guid"},"Value":"00000000-0000-0000-0000-000000000000"},{"Key":{"Id":"InnerResultsCount","Label":"InnerResultsCount","Category":"","Description":"","Attributes":1,"ValueType":"System.Int32"},"Value":0}]},{"TestCase":{"Id":"e32458ec-7288-060b-4d60-eec17ad979cc","FullyQualifiedName":"SistemZaGrijanje.UnitTest1.TestKontroleGrijanja2","DisplayName":"TestKontroleGrijanja2","ExecutorUri":"executor://MSTestAdapter/v2","Source":"C:\\Users\\Ehlimana\\source\\repos\\SistemZaGrijanje\\SistemZaGrijanje\\bin\\Debug\\net5.0\\fine-code-coverage\\build-output\\SistemZaGrijanje.dll","CodeFilePath":null,"LineNumber":-1,"Properties":[{"Key":{"Id":"TestCase.ManagedType","Label":"ManagedType","Category":"","Description":"","Attributes":1,"ValueType":"System.String"},"Value":"SistemZaGrijanje.UnitTest1"},{"Key":{"Id":"TestCase.ManagedMethod","Label":"ManagedMethod","Category":"","Description":"","Attributes":1,"ValueType":"System.String"},"Value":"TestKontroleGrijanja2"},{"Key":{"Id":"MSTestDiscoverer.TestClassName","Label":"ClassName","Category":"","Description":"","Attributes":1,"ValueType":"System.String"},"Value":"SistemZaGrijanje.UnitTest1"},{"Key":{"Id":"TestObject.Traits","Label":"Traits","Category":"","Description":"","Attributes":5,"ValueType":"System.Collections.Generic.KeyValuePair`2[[System.String],[System.String]][]"},"Value":[]}]},"Attachments":[],"Outcome":1,"ErrorMessage":null,"ErrorStackTrace":null,"DisplayName":null,"Messages":[],"ComputerName":null,"Duration":"00:00:00.0006385","StartTime":"2021-08-21T16:36:12.1335204+02:00","EndTime":"2021-08-21T16:36:12.1346081+02:00","Properties":[{"Key":{"Id":"ExecutionId","Label":"ExecutionId","Category":"","Description":"","Attributes":1,"ValueType":"System.Guid"},"Value":"00000000-0000-0000-0000-000000000000"},{"Key":{"Id":"ParentExecId","Label":"ParentExecId","Category":"","Description":"","Attributes":1,"ValueType":"System.Guid"},"Value":"00000000-0000-0000-0000-000000000000"},{"Key":{"Id":"InnerResultsCount","Label":"InnerResultsCount","Category":"","Description":"","Attributes":1,"ValueType":"System.Int32"},"Value":0}]},{"TestCase":{"Id":"f42aee8d-907f-a842-35c5-ed0e5bb37640","FullyQualifiedName":"SistemZaGrijanje.UnitTest1.TestUsrednjavanjaJačineGrijanja","DisplayName":"TestUsrednjavanjaJačineGrijanja","ExecutorUri":"executor://MSTestAdapter/v2","Source":"C:\\Users\\Ehlimana\\source\\repos\\SistemZaGrijanje\\SistemZaGrijanje\\bin\\Debug\\net5.0\\fine-code-coverage\\build-output\\SistemZaGrijanje.dll","CodeFilePath":null,"LineNumber":-1,"Properties":[{"Key":{"Id":"TestCase.ManagedType","Label":"ManagedType","Category":"","Description":"","Attributes":1,"ValueType":"System.String"},"Value":"SistemZaGrijanje.UnitTest1"},{"Key":{"Id":"TestCase.ManagedMethod","Label":"ManagedMethod","Category":"","Description":"","Attributes":1,"ValueType":"System.String"},"Value":"TestUsrednjavanjaJačineGrijanja"},{"Key":{"Id":"MSTestDiscoverer.TestClassName","Label":"ClassName","Category":"","Description":"","Attributes":1,"ValueType":"System.String"},"Value":"SistemZaGrijanje.UnitTest1"},{"Key":{"Id":"TestObject.Traits","Label":"Traits","Category":"","Description":"","Attributes":5,"ValueType":"System.Collections.Generic.KeyValuePair`2[[System.String],[System.String]][]"},"Value":[]}]},"Attachments":[],"Outcome":1,"ErrorMessage":null,"ErrorStackTrace":null,"DisplayName":null,"Messages":[],"ComputerName":null,"Duration":"00:00:00.0018901","StartTime":"2021-08-21T16:36:12.1381961+02:00","EndTime":"2021-08-21T16:36:12.14051+02:00","Properties":[{"Key":{"Id":"ExecutionId","Label":"ExecutionId","Category":"","Description":"","Attributes":1,"ValueType":"System.Guid"},"Value":"00000000-0000-0000-0000-000000000000"},{"Key":{"Id":"ParentExecId","Label":"ParentExecId","Category":"","Description":"","Attributes":1,"ValueType":"System.Guid"},"Value":"00000000-0000-0000-0000-000000000000"},{"Key":{"Id":"InnerResultsCount","Label":"InnerResultsCount","Category":"","Description":"","Attributes":1,"ValueType":"System.Int32"},"Value":0}]},{"TestCase":{"Id":"caed8cec-1544-981b-61e5-0f3b342f72f6","FullyQualifiedName":"SistemZaGrijanje.UnitTest1.TestDefrostTehnologijeOK","DisplayName":"TestDefrostTehnologijeOK","ExecutorUri":"executor://MSTestAdapter/v2","Source":"C:\\Users\\Ehlimana\\source\\repos\\SistemZaGrijanje\\SistemZaGrijanje\\bin\\Debug\\net5.0\\fine-code-coverage\\build-output\\SistemZaGrijanje.dll","CodeFilePath":null,"LineNumber":-1,"Properties":[{"Key":{"Id":"TestCase.ManagedType","Label":"ManagedType","Category":"","Description":"","Attributes":1,"ValueType":"System.String"},"Value":"SistemZaGrijanje.UnitTest1"},{"Key":{"Id":"TestCase.ManagedMethod","Label":"ManagedMethod","Category":"","Description":"","Attributes":1,"ValueType":"System.String"},"Value":"TestDefrostTehnologijeOK"},{"Key":{"Id":"MSTestDiscoverer.TestClassName","Label":"ClassName","Category":"","Description":"","Attributes":1,"ValueType":"System.String"},"Value":"SistemZaGrijanje.UnitTest1"},{"Key":{"Id":"TestObject.Traits","Label":"Traits","Category":"","Description":"","Attributes":5,"ValueType":"System.Collections.Generic.KeyValuePair`2[[System.String],[System.String]][]"},"Value":[]}]},"Attachments":[],"Outcome":1,"ErrorMessage":null,"ErrorStackTrace":null,"DisplayName":null,"Messages":[],"ComputerName":null,"Duration":"00:00:00.0005226","StartTime":"2021-08-21T16:36:12.143998+02:00","EndTime":"2021-08-21T16:36:12.1448687+02:00","Properties":[{"Key":{"Id":"ExecutionId","Label":"ExecutionId","Category":"","Description":"","Attributes":1,"ValueType":"System.Guid"},"Value":"00000000-0000-0000-0000-000000000000"},{"Key":{"Id":"ParentExecId","Label":"ParentExecId","Category":"","Description":"","Attributes":1,"ValueType":"System.Guid"},"Value":"00000000-0000-0000-0000-000000000000"},{"Key":{"Id":"InnerResultsCount","Label":"InnerResultsCount","Category":"","Description":"","Attributes":1,"ValueType":"System.Int32"},"Value":0}]},{"TestCase":{"Id":"db5243c2-8562-e1d7-e2df-40c48184b19f","FullyQualifiedName":"SistemZaGrijanje.UnitTest1.TestDefrostTehnologijeNeočekivanoPonašanje","DisplayName":"TestDefrostTehnologijeNeočekivanoPonašanje","ExecutorUri":"executor://MSTestAdapter/v2","Source":"C:\\Users\\Ehlimana\\source\\repos\\SistemZaGrijanje\\SistemZaGrijanje\\bin\\Debug\\net5.0\\fine-code-coverage\\build-output\\SistemZaGrijanje.dll","CodeFilePath":null,"LineNumber":-1,"Properties":[{"Key":{"Id":"TestCase.ManagedType","Label":"ManagedType","Category":"","Description":"","Attributes":1,"ValueType":"System.String"},"Value":"SistemZaGrijanje.UnitTest1"},{"Key":{"Id":"TestCase.ManagedMethod","Label":"ManagedMethod","Category":"","Description":"","Attributes":1,"ValueType":"System.String"},"Value":"TestDefrostTehnologijeNeočekivanoPonašanje"},{"Key":{"Id":"MSTestDiscoverer.TestClassName","Label":"ClassName","Category":"","Description":"","Attributes":1,"ValueType":"System.String"},"Value":"SistemZaGrijanje.UnitTest1"},{"Key":{"Id":"TestObject.Traits","Label":"Traits","Category":"","Description":"","Attributes":5,"ValueType":"System.Collections.Generic.KeyValuePair`2[[System.String],[System.String]][]"},"Value":[]}]},"Attachments":[],"Outcome":2,"ErrorMessage":"Test method did not throw expected exception System.Exception. ","ErrorStackTrace":null,"DisplayName":null,"Messages":[],"ComputerName":null,"Duration":"00:00:00.0014837","StartTime":"2021-08-21T16:36:12.1478704+02:00","EndTime":"2021-08-21T16:36:12.1502435+02:00","Properties":[{"Key":{"Id":"ExecutionId","Label":"ExecutionId","Category":"","Description":"","Attributes":1,"ValueType":"System.Guid"},"Value":"00000000-0000-0000-0000-000000000000"},{"Key":{"Id":"ParentExecId","Label":"ParentExecId","Category":"","Description":"","Attributes":1,"ValueType":"System.Guid"},"Value":"00000000-0000-0000-0000-000000000000"},{"Key":{"Id":"InnerResultsCount","Label":"InnerResultsCount","Category":"","Description":"","Attributes":1,"ValueType":"System.Int32"},"Value":0}]}],"TestRunStatistics":{"ExecutedTests":6,"Stats":{"Passed":5,"Failed":1}},"ActiveTests":[]},"RunAttachments":[],"ExecutorUris":["executor://mstestadapter/v2"]}}
TpTrace Verbose: 0 : 232, 4, 2021/08/21, 16:36:12.201, 158646144312, testhost.dll, BaseRunTests.RunTests: Run is complete.
TpTrace Verbose: 0 : 232, 5, 2021/08/21, 16:36:12.207, 158646194898, testhost.dll, TcpClientExtensions.MessageLoopAsync: NotifyDataAvailable remoteEndPoint: [::ffff:127.0.0.1]:59536 localEndPoint: [::ffff:127.0.0.1]:59537
TpTrace Information: 0 : 232, 5, 2021/08/21, 16:36:12.207, 158646197496, testhost.dll, TestRequestHandler.ProcessRequests: received message: (TestSession.Terminate) -> null
TpTrace Information: 0 : 232, 5, 2021/08/21, 16:36:12.207, 158646198370, testhost.dll, Session End message received from server. Closing the connection.
TpTrace Information: 0 : 232, 5, 2021/08/21, 16:36:12.207, 158646202603, testhost.dll, SocketClient.Stop: Stop communication from server endpoint: 127.0.0.1:059536
TpTrace Information: 0 : 232, 5, 2021/08/21, 16:36:12.208, 158646204974, testhost.dll, SocketClient: Stop: Cancellation requested. Stopping message loop.
TpTrace Verbose: 0 : 232, 5, 2021/08/21, 16:36:12.208, 158646208093, testhost.dll, LengthPrefixCommunicationChannel.Dispose: Dispose reader and writer.
TpTrace Information: 0 : 232, 5, 2021/08/21, 16:36:12.208, 158646209668, testhost.dll, Closing the connection !
TpTrace Information: 0 : 232, 5, 2021/08/21, 16:36:12.208, 158646213798, testhost.dll, SocketClient.PrivateStop: Stop communication from server endpoint: 127.0.0.1:059536, error:
TpTrace Information: 0 : 232, 1, 2021/08/21, 16:36:12.208, 158646214266, testhost.dll, Closing the connection !
TpTrace Information: 0 : 232, 1, 2021/08/21, 16:36:12.209, 158646215918, testhost.dll, SocketClient.Stop: Stop communication from server endpoint: 127.0.0.1:059536
TpTrace Verbose: 0 : 232, 5, 2021/08/21, 16:36:12.209, 158646216106, testhost.dll, LengthPrefixCommunicationChannel.Dispose: Dispose reader and writer.
TpTrace Verbose: 0 : 232, 1, 2021/08/21, 16:36:12.209, 158646216645, testhost.dll, LengthPrefixCommunicationChannel.Dispose: Dispose reader and writer.
TpTrace Verbose: 0 : 232, 5, 2021/08/21, 16:36:12.209, 158646217463, testhost.dll, TcpClientExtensions.MessageLoopAsync: exiting MessageLoopAsync remoteEndPoint: [::ffff:127.0.0.1]:59536 localEndPoint: [::ffff:127.0.0.1]:59537
TpTrace Information: 0 : 232, 1, 2021/08/21, 16:36:12.209, 158646219038, testhost.dll, Testhost process exiting.
